xlpersistentdff.ngc E:/PROJECTS/FINAL YEAR PROJECT/attempts in python/SIFT-SYSGEN/sysgen-netlist/sysgen/perl_results.vhd addsb_11_0_35d211e2def0b918.ngc addsb_11_0_35d211e2def0b918.vhd addsb_11_0_3d8cf21588249b20.ngc addsb_11_0_3d8cf21588249b20.vhd addsb_11_0_560d455b50794abb.ngc addsb_11_0_560d455b50794abb.vhd addsb_11_0_56b9435aefecd117.ngc addsb_11_0_56b9435aefecd117.vhd addsb_11_0_5c754caff9069ab6.ngc addsb_11_0_5c754caff9069ab6.vhd addsb_11_0_82f401100ebaa8c1.ngc addsb_11_0_82f401100ebaa8c1.vhd addsb_11_0_9246ac4b72e27992.ngc addsb_11_0_9246ac4b72e27992.vhd addsb_11_0_b552542673a5f445.ngc addsb_11_0_b552542673a5f445.vhd bmg_72_033242f7d723cd85.mif bmg_72_033242f7d723cd85.ngc bmg_72_033242f7d723cd85.vhd bmg_72_24c605b783a27b5e.mif bmg_72_24c605b783a27b5e.ngc bmg_72_24c605b783a27b5e.vhd bmg_72_d29df13d4088eb22.mif bmg_72_d29df13d4088eb22.ngc bmg_72_d29df13d4088eb22.vhd cmlt_11_2_2741e2616b5bee56.ngc cmlt_11_2_2741e2616b5bee56.vhd cmlt_11_2_722ae4aef5fbed76.ngc cmlt_11_2_722ae4aef5fbed76.vhd cmlt_11_2_995f6541e9724116.ngc cmlt_11_2_995f6541e9724116.vhd cmlt_11_2_b013ceb6827b5584.ngc cmlt_11_2_b013ceb6827b5584.vhd cmlt_11_2_bf2ab2cb66bd115e.ngc cmlt_11_2_bf2ab2cb66bd115e.vhd cmlt_11_2_e4343fec66bf498c.ngc cmlt_11_2_e4343fec66bf498c.vhd cntr_11_0_2558e675d3844393.ngc cntr_11_0_2558e675d3844393.vhd cntr_11_0_c7036b5b76ba9652.ngc cntr_11_0_c7036b5b76ba9652.vhd cntr_11_0_dfa9dc46f057bab4.ngc cntr_11_0_dfa9dc46f057bab4.vhd nonleaf_results.vhd synopsis
opened file sift.vhd
copied addsb_11_0_35d211e2def0b918.vhd
copied addsb_11_0_3d8cf21588249b20.vhd
copied addsb_11_0_560d455b50794abb.vhd
copied addsb_11_0_56b9435aefecd117.vhd
copied addsb_11_0_5c754caff9069ab6.vhd
copied addsb_11_0_82f401100ebaa8c1.vhd
copied addsb_11_0_9246ac4b72e27992.vhd
copied addsb_11_0_b552542673a5f445.vhd
copied bmg_72_033242f7d723cd85.vhd
copied bmg_72_24c605b783a27b5e.vhd
copied bmg_72_d29df13d4088eb22.vhd
copied cmlt_11_2_2741e2616b5bee56.vhd
copied cmlt_11_2_722ae4aef5fbed76.vhd
copied cmlt_11_2_995f6541e9724116.vhd
copied cmlt_11_2_b013ceb6827b5584.vhd
copied cmlt_11_2_bf2ab2cb66bd115e.vhd
copied cmlt_11_2_e4343fec66bf498c.vhd
copied cntr_11_0_2558e675d3844393.vhd
copied cntr_11_0_c7036b5b76ba9652.vhd
copied cntr_11_0_dfa9dc46f057bab4.vhd
copied E:/PROJECTS/FINAL YEAR PROJECT/attempts in python/SIFT-SYSGEN/sysgen-netlist/sysgen/perl_results.vhd
copied nonleaf_results.vhd
