INFO:encore:314 - Created non-GUI application for batch mode execution.
INFO:sim:172 - Generating IP...
Resolving generics for 'addsb_11_0_35d211e2def0b918'...
Applying external generics to 'addsb_11_0_35d211e2def0b918'...
Delivering associated files for 'addsb_11_0_35d211e2def0b918'...
Generating implementation netlist for 'addsb_11_0_35d211e2def0b918'...
INFO:sim - Pre-processing HDL files for 'addsb_11_0_35d211e2def0b918'...
Running synthesis for 'addsb_11_0_35d211e2def0b918'
Running ngcbuild...
Writing VHO instantiation template for 'addsb_11_0_35d211e2def0b918'...
Writing VHDL behavioral simulation model for 'addsb_11_0_35d211e2def0b918'...
Delivered 3 files into directory
C:/Users/gurur/AppData/Local/Temp/sysgentmp-Gururaja/cg_wk/cdeeff1d6a1425030/tmp
/_cg/addsb_11_0_35d211e2def0b918
Delivered 1 file into directory
C:/Users/gurur/AppData/Local/Temp/sysgentmp-Gururaja/cg_wk/cdeeff1d6a1425030/tmp
/_cg/addsb_11_0_35d211e2def0b918
INFO:sim:949 - Finished generation of ASY schematic symbol.
Generating metadata file...
Generating ISE project file for 'addsb_11_0_35d211e2def0b918'...
Generating README file...
Generating FLIST file...
INFO:sim:948 - Finished FLIST file generation.
Moving files to output directory...
Finished moving files to output directory
Saved CGP file for project 'coregen'.
INFO:sim:172 - Generating IP...
Resolving generics for 'addsb_11_0_3d8cf21588249b20'...
Applying external generics to 'addsb_11_0_3d8cf21588249b20'...
Delivering associated files for 'addsb_11_0_3d8cf21588249b20'...
Generating implementation netlist for 'addsb_11_0_3d8cf21588249b20'...
INFO:sim - Pre-processing HDL files for 'addsb_11_0_3d8cf21588249b20'...
Running synthesis for 'addsb_11_0_3d8cf21588249b20'
Running ngcbuild...
Writing VHO instantiation template for 'addsb_11_0_3d8cf21588249b20'...
Writing VHDL behavioral simulation model for 'addsb_11_0_3d8cf21588249b20'...
Delivered 3 files into directory
C:/Users/gurur/AppData/Local/Temp/sysgentmp-Gururaja/cg_wk/cdeeff1d6a1425030/tmp
/_cg/addsb_11_0_3d8cf21588249b20
Delivered 1 file into directory
C:/Users/gurur/AppData/Local/Temp/sysgentmp-Gururaja/cg_wk/cdeeff1d6a1425030/tmp
/_cg/addsb_11_0_3d8cf21588249b20
INFO:sim:949 - Finished generation of ASY schematic symbol.
Generating metadata file...
Generating ISE project file for 'addsb_11_0_3d8cf21588249b20'...
Generating README file...
Generating FLIST file...
INFO:sim:948 - Finished FLIST file generation.
Moving files to output directory...
Finished moving files to output directory
Saved CGP file for project 'coregen'.
INFO:sim:172 - Generating IP...
Resolving generics for 'addsb_11_0_560d455b50794abb'...
Applying external generics to 'addsb_11_0_560d455b50794abb'...
Delivering associated files for 'addsb_11_0_560d455b50794abb'...
Generating implementation netlist for 'addsb_11_0_560d455b50794abb'...
INFO:sim - Pre-processing HDL files for 'addsb_11_0_560d455b50794abb'...
Running synthesis for 'addsb_11_0_560d455b50794abb'
Running ngcbuild...
Writing VHO instantiation template for 'addsb_11_0_560d455b50794abb'...
Writing VHDL behavioral simulation model for 'addsb_11_0_560d455b50794abb'...
Delivered 3 files into directory
C:/Users/gurur/AppData/Local/Temp/sysgentmp-Gururaja/cg_wk/cdeeff1d6a1425030/tmp
/_cg/addsb_11_0_560d455b50794abb
Delivered 1 file into directory
C:/Users/gurur/AppData/Local/Temp/sysgentmp-Gururaja/cg_wk/cdeeff1d6a1425030/tmp
/_cg/addsb_11_0_560d455b50794abb
INFO:sim:949 - Finished generation of ASY schematic symbol.
Generating metadata file...
Generating ISE project file for 'addsb_11_0_560d455b50794abb'...
Generating README file...
Generating FLIST file...
INFO:sim:948 - Finished FLIST file generation.
Moving files to output directory...
Finished moving files to output directory
Saved CGP file for project 'coregen'.
INFO:sim:172 - Generating IP...
Resolving generics for 'addsb_11_0_56b9435aefecd117'...
Applying external generics to 'addsb_11_0_56b9435aefecd117'...
Delivering associated files for 'addsb_11_0_56b9435aefecd117'...
Generating implementation netlist for 'addsb_11_0_56b9435aefecd117'...
INFO:sim - Pre-processing HDL files for 'addsb_11_0_56b9435aefecd117'...
Running synthesis for 'addsb_11_0_56b9435aefecd117'
Running ngcbuild...
Writing VHO instantiation template for 'addsb_11_0_56b9435aefecd117'...
Writing VHDL behavioral simulation model for 'addsb_11_0_56b9435aefecd117'...
Delivered 3 files into directory
C:/Users/gurur/AppData/Local/Temp/sysgentmp-Gururaja/cg_wk/cdeeff1d6a1425030/tmp
/_cg/addsb_11_0_56b9435aefecd117
Delivered 1 file into directory
C:/Users/gurur/AppData/Local/Temp/sysgentmp-Gururaja/cg_wk/cdeeff1d6a1425030/tmp
/_cg/addsb_11_0_56b9435aefecd117
INFO:sim:949 - Finished generation of ASY schematic symbol.
Generating metadata file...
Generating ISE project file for 'addsb_11_0_56b9435aefecd117'...
Generating README file...
Generating FLIST file...
INFO:sim:948 - Finished FLIST file generation.
Moving files to output directory...
Finished moving files to output directory
Saved CGP file for project 'coregen'.
INFO:sim:172 - Generating IP...
Resolving generics for 'addsb_11_0_5c754caff9069ab6'...
Applying external generics to 'addsb_11_0_5c754caff9069ab6'...
Delivering associated files for 'addsb_11_0_5c754caff9069ab6'...
Generating implementation netlist for 'addsb_11_0_5c754caff9069ab6'...
INFO:sim - Pre-processing HDL files for 'addsb_11_0_5c754caff9069ab6'...
Running synthesis for 'addsb_11_0_5c754caff9069ab6'
Running ngcbuild...
Writing VHO instantiation template for 'addsb_11_0_5c754caff9069ab6'...
Writing VHDL behavioral simulation model for 'addsb_11_0_5c754caff9069ab6'...
Delivered 3 files into directory
C:/Users/gurur/AppData/Local/Temp/sysgentmp-Gururaja/cg_wk/cdeeff1d6a1425030/tmp
/_cg/addsb_11_0_5c754caff9069ab6
Delivered 1 file into directory
C:/Users/gurur/AppData/Local/Temp/sysgentmp-Gururaja/cg_wk/cdeeff1d6a1425030/tmp
/_cg/addsb_11_0_5c754caff9069ab6
INFO:sim:949 - Finished generation of ASY schematic symbol.
Generating metadata file...
Generating ISE project file for 'addsb_11_0_5c754caff9069ab6'...
Generating README file...
Generating FLIST file...
INFO:sim:948 - Finished FLIST file generation.
Moving files to output directory...
Finished moving files to output directory
Saved CGP file for project 'coregen'.
INFO:sim:172 - Generating IP...
Resolving generics for 'addsb_11_0_82f401100ebaa8c1'...
Applying external generics to 'addsb_11_0_82f401100ebaa8c1'...
Delivering associated files for 'addsb_11_0_82f401100ebaa8c1'...
Generating implementation netlist for 'addsb_11_0_82f401100ebaa8c1'...
INFO:sim - Pre-processing HDL files for 'addsb_11_0_82f401100ebaa8c1'...
Running synthesis for 'addsb_11_0_82f401100ebaa8c1'
Running ngcbuild...
Writing VHO instantiation template for 'addsb_11_0_82f401100ebaa8c1'...
Writing VHDL behavioral simulation model for 'addsb_11_0_82f401100ebaa8c1'...
Delivered 3 files into directory
C:/Users/gurur/AppData/Local/Temp/sysgentmp-Gururaja/cg_wk/cdeeff1d6a1425030/tmp
/_cg/addsb_11_0_82f401100ebaa8c1
Delivered 1 file into directory
C:/Users/gurur/AppData/Local/Temp/sysgentmp-Gururaja/cg_wk/cdeeff1d6a1425030/tmp
/_cg/addsb_11_0_82f401100ebaa8c1
INFO:sim:949 - Finished generation of ASY schematic symbol.
Generating metadata file...
Generating ISE project file for 'addsb_11_0_82f401100ebaa8c1'...
Generating README file...
Generating FLIST file...
INFO:sim:948 - Finished FLIST file generation.
Moving files to output directory...
Finished moving files to output directory
Saved CGP file for project 'coregen'.
INFO:sim:172 - Generating IP...
Resolving generics for 'addsb_11_0_9246ac4b72e27992'...
Applying external generics to 'addsb_11_0_9246ac4b72e27992'...
Delivering associated files for 'addsb_11_0_9246ac4b72e27992'...
Generating implementation netlist for 'addsb_11_0_9246ac4b72e27992'...
INFO:sim - Pre-processing HDL files for 'addsb_11_0_9246ac4b72e27992'...
Running synthesis for 'addsb_11_0_9246ac4b72e27992'
Running ngcbuild...
Writing VHO instantiation template for 'addsb_11_0_9246ac4b72e27992'...
Writing VHDL behavioral simulation model for 'addsb_11_0_9246ac4b72e27992'...
Delivered 3 files into directory
C:/Users/gurur/AppData/Local/Temp/sysgentmp-Gururaja/cg_wk/cdeeff1d6a1425030/tmp
/_cg/addsb_11_0_9246ac4b72e27992
Delivered 1 file into directory
C:/Users/gurur/AppData/Local/Temp/sysgentmp-Gururaja/cg_wk/cdeeff1d6a1425030/tmp
/_cg/addsb_11_0_9246ac4b72e27992
INFO:sim:949 - Finished generation of ASY schematic symbol.
Generating metadata file...
Generating ISE project file for 'addsb_11_0_9246ac4b72e27992'...
Generating README file...
Generating FLIST file...
INFO:sim:948 - Finished FLIST file generation.
Moving files to output directory...
Finished moving files to output directory
Saved CGP file for project 'coregen'.
INFO:sim:172 - Generating IP...
Resolving generics for 'addsb_11_0_b552542673a5f445'...
Applying external generics to 'addsb_11_0_b552542673a5f445'...
Delivering associated files for 'addsb_11_0_b552542673a5f445'...
Generating implementation netlist for 'addsb_11_0_b552542673a5f445'...
INFO:sim - Pre-processing HDL files for 'addsb_11_0_b552542673a5f445'...
Running synthesis for 'addsb_11_0_b552542673a5f445'
Running ngcbuild...
Writing VHO instantiation template for 'addsb_11_0_b552542673a5f445'...
Writing VHDL behavioral simulation model for 'addsb_11_0_b552542673a5f445'...
Delivered 3 files into directory
C:/Users/gurur/AppData/Local/Temp/sysgentmp-Gururaja/cg_wk/cdeeff1d6a1425030/tmp
/_cg/addsb_11_0_b552542673a5f445
Delivered 1 file into directory
C:/Users/gurur/AppData/Local/Temp/sysgentmp-Gururaja/cg_wk/cdeeff1d6a1425030/tmp
/_cg/addsb_11_0_b552542673a5f445
INFO:sim:949 - Finished generation of ASY schematic symbol.
Generating metadata file...
Generating ISE project file for 'addsb_11_0_b552542673a5f445'...
Generating README file...
Generating FLIST file...
INFO:sim:948 - Finished FLIST file generation.
Moving files to output directory...
Finished moving files to output directory
Saved CGP file for project 'coregen'.
INFO:sim:172 - Generating IP...
Resolving generics for 'bmg_72_033242f7d723cd85'...
Applying external generics to 'bmg_72_033242f7d723cd85'...
Delivering associated files for 'bmg_72_033242f7d723cd85'...
Delivering EJava files for 'bmg_72_033242f7d723cd85'...
Generating implementation netlist for 'bmg_72_033242f7d723cd85'...
INFO:sim - Pre-processing HDL files for 'bmg_72_033242f7d723cd85'...
Running synthesis for 'bmg_72_033242f7d723cd85'
Running ngcbuild...
Writing VHO instantiation template for 'bmg_72_033242f7d723cd85'...
Writing VHDL behavioral simulation model for 'bmg_72_033242f7d723cd85'...
WARNING:sim - No files were found for the view xilinx_documentation
INFO:sim:949 - Finished generation of ASY schematic symbol.
Generating metadata file...
Generating ISE project file for 'bmg_72_033242f7d723cd85'...
Generating README file...
Generating FLIST file...
INFO:sim:948 - Finished FLIST file generation.
Moving files to output directory...
Finished moving files to output directory
Saved CGP file for project 'coregen'.
INFO:sim:172 - Generating IP...
Resolving generics for 'bmg_72_24c605b783a27b5e'...
Applying external generics to 'bmg_72_24c605b783a27b5e'...
Delivering associated files for 'bmg_72_24c605b783a27b5e'...
Delivering EJava files for 'bmg_72_24c605b783a27b5e'...
Generating implementation netlist for 'bmg_72_24c605b783a27b5e'...
INFO:sim - Pre-processing HDL files for 'bmg_72_24c605b783a27b5e'...
Running synthesis for 'bmg_72_24c605b783a27b5e'
Running ngcbuild...
Writing VHO instantiation template for 'bmg_72_24c605b783a27b5e'...
Writing VHDL behavioral simulation model for 'bmg_72_24c605b783a27b5e'...
WARNING:sim - No files were found for the view xilinx_documentation
INFO:sim:949 - Finished generation of ASY schematic symbol.
Generating metadata file...
Generating ISE project file for 'bmg_72_24c605b783a27b5e'...
Generating README file...
Generating FLIST file...
INFO:sim:948 - Finished FLIST file generation.
Moving files to output directory...
Finished moving files to output directory
Saved CGP file for project 'coregen'.
INFO:sim:172 - Generating IP...
Resolving generics for 'bmg_72_d29df13d4088eb22'...
Applying external generics to 'bmg_72_d29df13d4088eb22'...
Delivering associated files for 'bmg_72_d29df13d4088eb22'...
Delivering EJava files for 'bmg_72_d29df13d4088eb22'...
Generating implementation netlist for 'bmg_72_d29df13d4088eb22'...
INFO:sim - Pre-processing HDL files for 'bmg_72_d29df13d4088eb22'...
Running synthesis for 'bmg_72_d29df13d4088eb22'
Running ngcbuild...
Writing VHO instantiation template for 'bmg_72_d29df13d4088eb22'...
Writing VHDL behavioral simulation model for 'bmg_72_d29df13d4088eb22'...
WARNING:sim - No files were found for the view xilinx_documentation
INFO:sim:949 - Finished generation of ASY schematic symbol.
Generating metadata file...
Generating ISE project file for 'bmg_72_d29df13d4088eb22'...
Generating README file...
Generating FLIST file...
INFO:sim:948 - Finished FLIST file generation.
Moving files to output directory...
Finished moving files to output directory
Saved CGP file for project 'coregen'.
INFO:sim:172 - Generating IP...
Resolving generics for 'cmlt_11_2_2741e2616b5bee56'...
Applying external generics to 'cmlt_11_2_2741e2616b5bee56'...
Delivering associated files for 'cmlt_11_2_2741e2616b5bee56'...
Generating implementation netlist for 'cmlt_11_2_2741e2616b5bee56'...
INFO:sim - Pre-processing HDL files for 'cmlt_11_2_2741e2616b5bee56'...
Running synthesis for 'cmlt_11_2_2741e2616b5bee56'
Running ngcbuild...
Writing VHO instantiation template for 'cmlt_11_2_2741e2616b5bee56'...
Writing VHDL behavioral simulation model for 'cmlt_11_2_2741e2616b5bee56'...
Delivered 3 files into directory
C:/Users/gurur/AppData/Local/Temp/sysgentmp-Gururaja/cg_wk/cdeeff1d6a1425030/tmp
/_cg/cmlt_11_2_2741e2616b5bee56
Delivered 1 file into directory
C:/Users/gurur/AppData/Local/Temp/sysgentmp-Gururaja/cg_wk/cdeeff1d6a1425030/tmp
/_cg/cmlt_11_2_2741e2616b5bee56
INFO:sim:949 - Finished generation of ASY schematic symbol.
Generating metadata file...
Generating ISE project file for 'cmlt_11_2_2741e2616b5bee56'...
Generating README file...
Generating FLIST file...
INFO:sim:948 - Finished FLIST file generation.
Moving files to output directory...
Finished moving files to output directory
Saved CGP file for project 'coregen'.
INFO:sim:172 - Generating IP...
Resolving generics for 'cmlt_11_2_722ae4aef5fbed76'...
Applying external generics to 'cmlt_11_2_722ae4aef5fbed76'...
Delivering associated files for 'cmlt_11_2_722ae4aef5fbed76'...
Generating implementation netlist for 'cmlt_11_2_722ae4aef5fbed76'...
INFO:sim - Pre-processing HDL files for 'cmlt_11_2_722ae4aef5fbed76'...
Running synthesis for 'cmlt_11_2_722ae4aef5fbed76'
Running ngcbuild...
Writing VHO instantiation template for 'cmlt_11_2_722ae4aef5fbed76'...
Writing VHDL behavioral simulation model for 'cmlt_11_2_722ae4aef5fbed76'...
Delivered 3 files into directory
C:/Users/gurur/AppData/Local/Temp/sysgentmp-Gururaja/cg_wk/cdeeff1d6a1425030/tmp
/_cg/cmlt_11_2_722ae4aef5fbed76
Delivered 1 file into directory
C:/Users/gurur/AppData/Local/Temp/sysgentmp-Gururaja/cg_wk/cdeeff1d6a1425030/tmp
/_cg/cmlt_11_2_722ae4aef5fbed76
INFO:sim:949 - Finished generation of ASY schematic symbol.
Generating metadata file...
Generating ISE project file for 'cmlt_11_2_722ae4aef5fbed76'...
Generating README file...
Generating FLIST file...
INFO:sim:948 - Finished FLIST file generation.
Moving files to output directory...
Finished moving files to output directory
Saved CGP file for project 'coregen'.
INFO:sim:172 - Generating IP...
Resolving generics for 'cmlt_11_2_995f6541e9724116'...
Applying external generics to 'cmlt_11_2_995f6541e9724116'...
Delivering associated files for 'cmlt_11_2_995f6541e9724116'...
Generating implementation netlist for 'cmlt_11_2_995f6541e9724116'...
INFO:sim - Pre-processing HDL files for 'cmlt_11_2_995f6541e9724116'...
Running synthesis for 'cmlt_11_2_995f6541e9724116'
Running ngcbuild...
Writing VHO instantiation template for 'cmlt_11_2_995f6541e9724116'...
Writing VHDL behavioral simulation model for 'cmlt_11_2_995f6541e9724116'...
Delivered 3 files into directory
C:/Users/gurur/AppData/Local/Temp/sysgentmp-Gururaja/cg_wk/cdeeff1d6a1425030/tmp
/_cg/cmlt_11_2_995f6541e9724116
Delivered 1 file into directory
C:/Users/gurur/AppData/Local/Temp/sysgentmp-Gururaja/cg_wk/cdeeff1d6a1425030/tmp
/_cg/cmlt_11_2_995f6541e9724116
INFO:sim:949 - Finished generation of ASY schematic symbol.
Generating metadata file...
Generating ISE project file for 'cmlt_11_2_995f6541e9724116'...
Generating README file...
Generating FLIST file...
INFO:sim:948 - Finished FLIST file generation.
Moving files to output directory...
Finished moving files to output directory
Saved CGP file for project 'coregen'.
INFO:sim:172 - Generating IP...
Resolving generics for 'cmlt_11_2_b013ceb6827b5584'...
Applying external generics to 'cmlt_11_2_b013ceb6827b5584'...
Delivering associated files for 'cmlt_11_2_b013ceb6827b5584'...
Generating implementation netlist for 'cmlt_11_2_b013ceb6827b5584'...
INFO:sim - Pre-processing HDL files for 'cmlt_11_2_b013ceb6827b5584'...
Running synthesis for 'cmlt_11_2_b013ceb6827b5584'
Running ngcbuild...
Writing VHO instantiation template for 'cmlt_11_2_b013ceb6827b5584'...
Writing VHDL behavioral simulation model for 'cmlt_11_2_b013ceb6827b5584'...
Delivered 3 files into directory
C:/Users/gurur/AppData/Local/Temp/sysgentmp-Gururaja/cg_wk/cdeeff1d6a1425030/tmp
/_cg/cmlt_11_2_b013ceb6827b5584
Delivered 1 file into directory
C:/Users/gurur/AppData/Local/Temp/sysgentmp-Gururaja/cg_wk/cdeeff1d6a1425030/tmp
/_cg/cmlt_11_2_b013ceb6827b5584
INFO:sim:949 - Finished generation of ASY schematic symbol.
Generating metadata file...
Generating ISE project file for 'cmlt_11_2_b013ceb6827b5584'...
Generating README file...
Generating FLIST file...
INFO:sim:948 - Finished FLIST file generation.
Moving files to output directory...
Finished moving files to output directory
Saved CGP file for project 'coregen'.
INFO:sim:172 - Generating IP...
Resolving generics for 'cmlt_11_2_bf2ab2cb66bd115e'...
Applying external generics to 'cmlt_11_2_bf2ab2cb66bd115e'...
Delivering associated files for 'cmlt_11_2_bf2ab2cb66bd115e'...
Generating implementation netlist for 'cmlt_11_2_bf2ab2cb66bd115e'...
INFO:sim - Pre-processing HDL files for 'cmlt_11_2_bf2ab2cb66bd115e'...
Running synthesis for 'cmlt_11_2_bf2ab2cb66bd115e'
Running ngcbuild...
Writing VHO instantiation template for 'cmlt_11_2_bf2ab2cb66bd115e'...
Writing VHDL behavioral simulation model for 'cmlt_11_2_bf2ab2cb66bd115e'...
Delivered 3 files into directory
C:/Users/gurur/AppData/Local/Temp/sysgentmp-Gururaja/cg_wk/cdeeff1d6a1425030/tmp
/_cg/cmlt_11_2_bf2ab2cb66bd115e
Delivered 1 file into directory
C:/Users/gurur/AppData/Local/Temp/sysgentmp-Gururaja/cg_wk/cdeeff1d6a1425030/tmp
/_cg/cmlt_11_2_bf2ab2cb66bd115e
INFO:sim:949 - Finished generation of ASY schematic symbol.
Generating metadata file...
Generating ISE project file for 'cmlt_11_2_bf2ab2cb66bd115e'...
Generating README file...
Generating FLIST file...
INFO:sim:948 - Finished FLIST file generation.
Moving files to output directory...
Finished moving files to output directory
Saved CGP file for project 'coregen'.
INFO:sim:172 - Generating IP...
Resolving generics for 'cmlt_11_2_e4343fec66bf498c'...
Applying external generics to 'cmlt_11_2_e4343fec66bf498c'...
Delivering associated files for 'cmlt_11_2_e4343fec66bf498c'...
Generating implementation netlist for 'cmlt_11_2_e4343fec66bf498c'...
INFO:sim - Pre-processing HDL files for 'cmlt_11_2_e4343fec66bf498c'...
Running synthesis for 'cmlt_11_2_e4343fec66bf498c'
Running ngcbuild...
Writing VHO instantiation template for 'cmlt_11_2_e4343fec66bf498c'...
Writing VHDL behavioral simulation model for 'cmlt_11_2_e4343fec66bf498c'...
Delivered 3 files into directory
C:/Users/gurur/AppData/Local/Temp/sysgentmp-Gururaja/cg_wk/cdeeff1d6a1425030/tmp
/_cg/cmlt_11_2_e4343fec66bf498c
Delivered 1 file into directory
C:/Users/gurur/AppData/Local/Temp/sysgentmp-Gururaja/cg_wk/cdeeff1d6a1425030/tmp
/_cg/cmlt_11_2_e4343fec66bf498c
INFO:sim:949 - Finished generation of ASY schematic symbol.
Generating metadata file...
Generating ISE project file for 'cmlt_11_2_e4343fec66bf498c'...
Generating README file...
Generating FLIST file...
INFO:sim:948 - Finished FLIST file generation.
Moving files to output directory...
Finished moving files to output directory
Saved CGP file for project 'coregen'.
INFO:sim:172 - Generating IP...
Resolving generics for 'cntr_11_0_2558e675d3844393'...
Applying external generics to 'cntr_11_0_2558e675d3844393'...
Delivering associated files for 'cntr_11_0_2558e675d3844393'...
Generating implementation netlist for 'cntr_11_0_2558e675d3844393'...
INFO:sim - Pre-processing HDL files for 'cntr_11_0_2558e675d3844393'...
Running synthesis for 'cntr_11_0_2558e675d3844393'
Running ngcbuild...
Writing VHO instantiation template for 'cntr_11_0_2558e675d3844393'...
Writing VHDL behavioral simulation model for 'cntr_11_0_2558e675d3844393'...
Delivered 3 files into directory
C:/Users/gurur/AppData/Local/Temp/sysgentmp-Gururaja/cg_wk/cdeeff1d6a1425030/tmp
/_cg/cntr_11_0_2558e675d3844393
Delivered 1 file into directory
C:/Users/gurur/AppData/Local/Temp/sysgentmp-Gururaja/cg_wk/cdeeff1d6a1425030/tmp
/_cg/cntr_11_0_2558e675d3844393
INFO:sim:949 - Finished generation of ASY schematic symbol.
Generating metadata file...
Generating ISE project file for 'cntr_11_0_2558e675d3844393'...
Generating README file...
Generating FLIST file...
INFO:sim:948 - Finished FLIST file generation.
Moving files to output directory...
Finished moving files to output directory
Saved CGP file for project 'coregen'.
INFO:sim:172 - Generating IP...
Resolving generics for 'cntr_11_0_c7036b5b76ba9652'...
Applying external generics to 'cntr_11_0_c7036b5b76ba9652'...
Delivering associated files for 'cntr_11_0_c7036b5b76ba9652'...
Generating implementation netlist for 'cntr_11_0_c7036b5b76ba9652'...
INFO:sim - Pre-processing HDL files for 'cntr_11_0_c7036b5b76ba9652'...
Running synthesis for 'cntr_11_0_c7036b5b76ba9652'
Running ngcbuild...
Writing VHO instantiation template for 'cntr_11_0_c7036b5b76ba9652'...
Writing VHDL behavioral simulation model for 'cntr_11_0_c7036b5b76ba9652'...
Delivered 3 files into directory
C:/Users/gurur/AppData/Local/Temp/sysgentmp-Gururaja/cg_wk/cdeeff1d6a1425030/tmp
/_cg/cntr_11_0_c7036b5b76ba9652
Delivered 1 file into directory
C:/Users/gurur/AppData/Local/Temp/sysgentmp-Gururaja/cg_wk/cdeeff1d6a1425030/tmp
/_cg/cntr_11_0_c7036b5b76ba9652
INFO:sim:949 - Finished generation of ASY schematic symbol.
Generating metadata file...
Generating ISE project file for 'cntr_11_0_c7036b5b76ba9652'...
Generating README file...
Generating FLIST file...
INFO:sim:948 - Finished FLIST file generation.
Moving files to output directory...
Finished moving files to output directory
Saved CGP file for project 'coregen'.
INFO:sim:172 - Generating IP...
Resolving generics for 'cntr_11_0_dfa9dc46f057bab4'...
Applying external generics to 'cntr_11_0_dfa9dc46f057bab4'...
Delivering associated files for 'cntr_11_0_dfa9dc46f057bab4'...
Generating implementation netlist for 'cntr_11_0_dfa9dc46f057bab4'...
INFO:sim - Pre-processing HDL files for 'cntr_11_0_dfa9dc46f057bab4'...
Running synthesis for 'cntr_11_0_dfa9dc46f057bab4'
Running ngcbuild...
Writing VHO instantiation template for 'cntr_11_0_dfa9dc46f057bab4'...
Writing VHDL behavioral simulation model for 'cntr_11_0_dfa9dc46f057bab4'...
Delivered 3 files into directory
C:/Users/gurur/AppData/Local/Temp/sysgentmp-Gururaja/cg_wk/cdeeff1d6a1425030/tmp
/_cg/cntr_11_0_dfa9dc46f057bab4
Delivered 1 file into directory
C:/Users/gurur/AppData/Local/Temp/sysgentmp-Gururaja/cg_wk/cdeeff1d6a1425030/tmp
/_cg/cntr_11_0_dfa9dc46f057bab4
INFO:sim:949 - Finished generation of ASY schematic symbol.
Generating metadata file...
Generating ISE project file for 'cntr_11_0_dfa9dc46f057bab4'...
Generating README file...
Generating FLIST file...
INFO:sim:948 - Finished FLIST file generation.
Moving files to output directory...
Finished moving files to output directory
Saved CGP file for project 'coregen'.
Saved CGP file for project 'coregen'.
