xlpersistentdff.ngc E:/PROJECTS/FINAL YEAR PROJECT/attempts in python/SIFT-SYSGEN/netlist/sysgen/perl_results.vhd addsb_11_0_30d1457599ad93f1.ngc addsb_11_0_30d1457599ad93f1.vhd addsb_11_0_425ea38a5c924775.ngc addsb_11_0_425ea38a5c924775.vhd addsb_11_0_7094c587598cfa37.ngc addsb_11_0_7094c587598cfa37.vhd addsb_11_0_7ae34980b4a72e6c.ngc addsb_11_0_7ae34980b4a72e6c.vhd addsb_11_0_c8834dcbd5945abc.ngc addsb_11_0_c8834dcbd5945abc.vhd addsb_11_0_d6c5b08d70f432d4.ngc addsb_11_0_d6c5b08d70f432d4.vhd addsb_11_0_e25ad78e4233698a.ngc addsb_11_0_e25ad78e4233698a.vhd addsb_11_0_ea646992679bcc81.ngc addsb_11_0_ea646992679bcc81.vhd bmg_72_3e1ab284fecfe373.mif bmg_72_3e1ab284fecfe373.ngc bmg_72_3e1ab284fecfe373.vhd bmg_72_410b3d3227446c03.mif bmg_72_410b3d3227446c03.ngc bmg_72_410b3d3227446c03.vhd bmg_72_6f9d105f6f5129b9.mif bmg_72_6f9d105f6f5129b9.ngc bmg_72_6f9d105f6f5129b9.vhd cmlt_11_2_13bc97a43f38db15.ngc cmlt_11_2_13bc97a43f38db15.vhd cmlt_11_2_3040979a47684d1c.ngc cmlt_11_2_3040979a47684d1c.vhd cmlt_11_2_4ff21534f5d532d3.ngc cmlt_11_2_4ff21534f5d532d3.vhd cmlt_11_2_515a5d7db7c97088.ngc cmlt_11_2_515a5d7db7c97088.vhd cmlt_11_2_5496cf9983a43407.ngc cmlt_11_2_5496cf9983a43407.vhd cmlt_11_2_9872e8b7ce5da253.ngc cmlt_11_2_9872e8b7ce5da253.vhd cntr_11_0_408dad9701d8fb61.ngc cntr_11_0_408dad9701d8fb61.vhd cntr_11_0_467594213c284489.ngc cntr_11_0_467594213c284489.vhd cntr_11_0_f08a9e8f3d5b5bdb.ngc cntr_11_0_f08a9e8f3d5b5bdb.vhd nonleaf_results.vhd synopsis
opened file sift.vhd
copied addsb_11_0_30d1457599ad93f1.vhd
copied addsb_11_0_425ea38a5c924775.vhd
copied addsb_11_0_7094c587598cfa37.vhd
copied addsb_11_0_7ae34980b4a72e6c.vhd
copied addsb_11_0_c8834dcbd5945abc.vhd
copied addsb_11_0_d6c5b08d70f432d4.vhd
copied addsb_11_0_e25ad78e4233698a.vhd
copied addsb_11_0_ea646992679bcc81.vhd
copied bmg_72_3e1ab284fecfe373.vhd
copied bmg_72_410b3d3227446c03.vhd
copied bmg_72_6f9d105f6f5129b9.vhd
copied cmlt_11_2_13bc97a43f38db15.vhd
copied cmlt_11_2_3040979a47684d1c.vhd
copied cmlt_11_2_4ff21534f5d532d3.vhd
copied cmlt_11_2_515a5d7db7c97088.vhd
copied cmlt_11_2_5496cf9983a43407.vhd
copied cmlt_11_2_9872e8b7ce5da253.vhd
copied cntr_11_0_408dad9701d8fb61.vhd
copied cntr_11_0_467594213c284489.vhd
copied cntr_11_0_f08a9e8f3d5b5bdb.vhd
copied E:/PROJECTS/FINAL YEAR PROJECT/attempts in python/SIFT-SYSGEN/netlist/sysgen/perl_results.vhd
copied nonleaf_results.vhd
