INFO:encore:314 - Created non-GUI application for batch mode execution.
INFO:sim:172 - Generating IP...
Resolving generics for 'addsb_11_0_30d1457599ad93f1'...
Applying external generics to 'addsb_11_0_30d1457599ad93f1'...
Delivering associated files for 'addsb_11_0_30d1457599ad93f1'...
Generating implementation netlist for 'addsb_11_0_30d1457599ad93f1'...
INFO:sim - Pre-processing HDL files for 'addsb_11_0_30d1457599ad93f1'...
Running synthesis for 'addsb_11_0_30d1457599ad93f1'
Running ngcbuild...
Writing VHO instantiation template for 'addsb_11_0_30d1457599ad93f1'...
Writing VHDL behavioral simulation model for 'addsb_11_0_30d1457599ad93f1'...
Delivered 3 files into directory
C:/Users/gurur/AppData/Local/Temp/sysgentmp-Gururaja/cg_wk/c77490c6ecd696cbc/tmp
/_cg/addsb_11_0_30d1457599ad93f1
Delivered 1 file into directory
C:/Users/gurur/AppData/Local/Temp/sysgentmp-Gururaja/cg_wk/c77490c6ecd696cbc/tmp
/_cg/addsb_11_0_30d1457599ad93f1
INFO:sim:949 - Finished generation of ASY schematic symbol.
Generating metadata file...
Generating ISE project file for 'addsb_11_0_30d1457599ad93f1'...
Generating README file...
Generating FLIST file...
INFO:sim:948 - Finished FLIST file generation.
Moving files to output directory...
Finished moving files to output directory
Saved CGP file for project 'coregen'.
INFO:sim:172 - Generating IP...
Resolving generics for 'addsb_11_0_425ea38a5c924775'...
Applying external generics to 'addsb_11_0_425ea38a5c924775'...
Delivering associated files for 'addsb_11_0_425ea38a5c924775'...
Generating implementation netlist for 'addsb_11_0_425ea38a5c924775'...
INFO:sim - Pre-processing HDL files for 'addsb_11_0_425ea38a5c924775'...
Running synthesis for 'addsb_11_0_425ea38a5c924775'
Running ngcbuild...
Writing VHO instantiation template for 'addsb_11_0_425ea38a5c924775'...
Writing VHDL behavioral simulation model for 'addsb_11_0_425ea38a5c924775'...
Delivered 3 files into directory
C:/Users/gurur/AppData/Local/Temp/sysgentmp-Gururaja/cg_wk/c77490c6ecd696cbc/tmp
/_cg/addsb_11_0_425ea38a5c924775
Delivered 1 file into directory
C:/Users/gurur/AppData/Local/Temp/sysgentmp-Gururaja/cg_wk/c77490c6ecd696cbc/tmp
/_cg/addsb_11_0_425ea38a5c924775
INFO:sim:949 - Finished generation of ASY schematic symbol.
Generating metadata file...
Generating ISE project file for 'addsb_11_0_425ea38a5c924775'...
Generating README file...
Generating FLIST file...
INFO:sim:948 - Finished FLIST file generation.
Moving files to output directory...
Finished moving files to output directory
Saved CGP file for project 'coregen'.
INFO:sim:172 - Generating IP...
Resolving generics for 'addsb_11_0_7094c587598cfa37'...
Applying external generics to 'addsb_11_0_7094c587598cfa37'...
Delivering associated files for 'addsb_11_0_7094c587598cfa37'...
Generating implementation netlist for 'addsb_11_0_7094c587598cfa37'...
INFO:sim - Pre-processing HDL files for 'addsb_11_0_7094c587598cfa37'...
Running synthesis for 'addsb_11_0_7094c587598cfa37'
Running ngcbuild...
Writing VHO instantiation template for 'addsb_11_0_7094c587598cfa37'...
Writing VHDL behavioral simulation model for 'addsb_11_0_7094c587598cfa37'...
Delivered 3 files into directory
C:/Users/gurur/AppData/Local/Temp/sysgentmp-Gururaja/cg_wk/c77490c6ecd696cbc/tmp
/_cg/addsb_11_0_7094c587598cfa37
Delivered 1 file into directory
C:/Users/gurur/AppData/Local/Temp/sysgentmp-Gururaja/cg_wk/c77490c6ecd696cbc/tmp
/_cg/addsb_11_0_7094c587598cfa37
INFO:sim:949 - Finished generation of ASY schematic symbol.
Generating metadata file...
Generating ISE project file for 'addsb_11_0_7094c587598cfa37'...
Generating README file...
Generating FLIST file...
INFO:sim:948 - Finished FLIST file generation.
Moving files to output directory...
Finished moving files to output directory
Saved CGP file for project 'coregen'.
INFO:sim:172 - Generating IP...
Resolving generics for 'addsb_11_0_7ae34980b4a72e6c'...
Applying external generics to 'addsb_11_0_7ae34980b4a72e6c'...
Delivering associated files for 'addsb_11_0_7ae34980b4a72e6c'...
Generating implementation netlist for 'addsb_11_0_7ae34980b4a72e6c'...
INFO:sim - Pre-processing HDL files for 'addsb_11_0_7ae34980b4a72e6c'...
Running synthesis for 'addsb_11_0_7ae34980b4a72e6c'
Running ngcbuild...
Writing VHO instantiation template for 'addsb_11_0_7ae34980b4a72e6c'...
Writing VHDL behavioral simulation model for 'addsb_11_0_7ae34980b4a72e6c'...
Delivered 3 files into directory
C:/Users/gurur/AppData/Local/Temp/sysgentmp-Gururaja/cg_wk/c77490c6ecd696cbc/tmp
/_cg/addsb_11_0_7ae34980b4a72e6c
Delivered 1 file into directory
C:/Users/gurur/AppData/Local/Temp/sysgentmp-Gururaja/cg_wk/c77490c6ecd696cbc/tmp
/_cg/addsb_11_0_7ae34980b4a72e6c
INFO:sim:949 - Finished generation of ASY schematic symbol.
Generating metadata file...
Generating ISE project file for 'addsb_11_0_7ae34980b4a72e6c'...
Generating README file...
Generating FLIST file...
INFO:sim:948 - Finished FLIST file generation.
Moving files to output directory...
Finished moving files to output directory
Saved CGP file for project 'coregen'.
INFO:sim:172 - Generating IP...
Resolving generics for 'addsb_11_0_c8834dcbd5945abc'...
Applying external generics to 'addsb_11_0_c8834dcbd5945abc'...
Delivering associated files for 'addsb_11_0_c8834dcbd5945abc'...
Generating implementation netlist for 'addsb_11_0_c8834dcbd5945abc'...
INFO:sim - Pre-processing HDL files for 'addsb_11_0_c8834dcbd5945abc'...
Running synthesis for 'addsb_11_0_c8834dcbd5945abc'
Running ngcbuild...
Writing VHO instantiation template for 'addsb_11_0_c8834dcbd5945abc'...
Writing VHDL behavioral simulation model for 'addsb_11_0_c8834dcbd5945abc'...
Delivered 3 files into directory
C:/Users/gurur/AppData/Local/Temp/sysgentmp-Gururaja/cg_wk/c77490c6ecd696cbc/tmp
/_cg/addsb_11_0_c8834dcbd5945abc
Delivered 1 file into directory
C:/Users/gurur/AppData/Local/Temp/sysgentmp-Gururaja/cg_wk/c77490c6ecd696cbc/tmp
/_cg/addsb_11_0_c8834dcbd5945abc
INFO:sim:949 - Finished generation of ASY schematic symbol.
Generating metadata file...
Generating ISE project file for 'addsb_11_0_c8834dcbd5945abc'...
Generating README file...
Generating FLIST file...
INFO:sim:948 - Finished FLIST file generation.
Moving files to output directory...
Finished moving files to output directory
Saved CGP file for project 'coregen'.
INFO:sim:172 - Generating IP...
Resolving generics for 'addsb_11_0_d6c5b08d70f432d4'...
Applying external generics to 'addsb_11_0_d6c5b08d70f432d4'...
Delivering associated files for 'addsb_11_0_d6c5b08d70f432d4'...
Generating implementation netlist for 'addsb_11_0_d6c5b08d70f432d4'...
INFO:sim - Pre-processing HDL files for 'addsb_11_0_d6c5b08d70f432d4'...
Running synthesis for 'addsb_11_0_d6c5b08d70f432d4'
Running ngcbuild...
Writing VHO instantiation template for 'addsb_11_0_d6c5b08d70f432d4'...
Writing VHDL behavioral simulation model for 'addsb_11_0_d6c5b08d70f432d4'...
Delivered 3 files into directory
C:/Users/gurur/AppData/Local/Temp/sysgentmp-Gururaja/cg_wk/c77490c6ecd696cbc/tmp
/_cg/addsb_11_0_d6c5b08d70f432d4
Delivered 1 file into directory
C:/Users/gurur/AppData/Local/Temp/sysgentmp-Gururaja/cg_wk/c77490c6ecd696cbc/tmp
/_cg/addsb_11_0_d6c5b08d70f432d4
INFO:sim:949 - Finished generation of ASY schematic symbol.
Generating metadata file...
Generating ISE project file for 'addsb_11_0_d6c5b08d70f432d4'...
Generating README file...
Generating FLIST file...
INFO:sim:948 - Finished FLIST file generation.
Moving files to output directory...
Finished moving files to output directory
Saved CGP file for project 'coregen'.
INFO:sim:172 - Generating IP...
Resolving generics for 'addsb_11_0_e25ad78e4233698a'...
Applying external generics to 'addsb_11_0_e25ad78e4233698a'...
Delivering associated files for 'addsb_11_0_e25ad78e4233698a'...
Generating implementation netlist for 'addsb_11_0_e25ad78e4233698a'...
INFO:sim - Pre-processing HDL files for 'addsb_11_0_e25ad78e4233698a'...
Running synthesis for 'addsb_11_0_e25ad78e4233698a'
Running ngcbuild...
Writing VHO instantiation template for 'addsb_11_0_e25ad78e4233698a'...
Writing VHDL behavioral simulation model for 'addsb_11_0_e25ad78e4233698a'...
Delivered 3 files into directory
C:/Users/gurur/AppData/Local/Temp/sysgentmp-Gururaja/cg_wk/c77490c6ecd696cbc/tmp
/_cg/addsb_11_0_e25ad78e4233698a
Delivered 1 file into directory
C:/Users/gurur/AppData/Local/Temp/sysgentmp-Gururaja/cg_wk/c77490c6ecd696cbc/tmp
/_cg/addsb_11_0_e25ad78e4233698a
INFO:sim:949 - Finished generation of ASY schematic symbol.
Generating metadata file...
Generating ISE project file for 'addsb_11_0_e25ad78e4233698a'...
Generating README file...
Generating FLIST file...
INFO:sim:948 - Finished FLIST file generation.
Moving files to output directory...
Finished moving files to output directory
Saved CGP file for project 'coregen'.
INFO:sim:172 - Generating IP...
Resolving generics for 'addsb_11_0_ea646992679bcc81'...
Applying external generics to 'addsb_11_0_ea646992679bcc81'...
Delivering associated files for 'addsb_11_0_ea646992679bcc81'...
Generating implementation netlist for 'addsb_11_0_ea646992679bcc81'...
INFO:sim - Pre-processing HDL files for 'addsb_11_0_ea646992679bcc81'...
Running synthesis for 'addsb_11_0_ea646992679bcc81'
Running ngcbuild...
Writing VHO instantiation template for 'addsb_11_0_ea646992679bcc81'...
Writing VHDL behavioral simulation model for 'addsb_11_0_ea646992679bcc81'...
Delivered 3 files into directory
C:/Users/gurur/AppData/Local/Temp/sysgentmp-Gururaja/cg_wk/c77490c6ecd696cbc/tmp
/_cg/addsb_11_0_ea646992679bcc81
Delivered 1 file into directory
C:/Users/gurur/AppData/Local/Temp/sysgentmp-Gururaja/cg_wk/c77490c6ecd696cbc/tmp
/_cg/addsb_11_0_ea646992679bcc81
INFO:sim:949 - Finished generation of ASY schematic symbol.
Generating metadata file...
Generating ISE project file for 'addsb_11_0_ea646992679bcc81'...
Generating README file...
Generating FLIST file...
INFO:sim:948 - Finished FLIST file generation.
Moving files to output directory...
Finished moving files to output directory
Saved CGP file for project 'coregen'.
INFO:sim:172 - Generating IP...
Resolving generics for 'bmg_72_3e1ab284fecfe373'...
Applying external generics to 'bmg_72_3e1ab284fecfe373'...
Delivering associated files for 'bmg_72_3e1ab284fecfe373'...
Delivering EJava files for 'bmg_72_3e1ab284fecfe373'...
Generating implementation netlist for 'bmg_72_3e1ab284fecfe373'...
INFO:sim - Pre-processing HDL files for 'bmg_72_3e1ab284fecfe373'...
Running synthesis for 'bmg_72_3e1ab284fecfe373'
Running ngcbuild...
Writing VHO instantiation template for 'bmg_72_3e1ab284fecfe373'...
Writing VHDL behavioral simulation model for 'bmg_72_3e1ab284fecfe373'...
WARNING:sim - No files were found for the view xilinx_documentation
INFO:sim:949 - Finished generation of ASY schematic symbol.
Generating metadata file...
Generating ISE project file for 'bmg_72_3e1ab284fecfe373'...
Generating README file...
Generating FLIST file...
INFO:sim:948 - Finished FLIST file generation.
Moving files to output directory...
Finished moving files to output directory
Saved CGP file for project 'coregen'.
INFO:sim:172 - Generating IP...
Resolving generics for 'bmg_72_410b3d3227446c03'...
Applying external generics to 'bmg_72_410b3d3227446c03'...
Delivering associated files for 'bmg_72_410b3d3227446c03'...
Delivering EJava files for 'bmg_72_410b3d3227446c03'...
Generating implementation netlist for 'bmg_72_410b3d3227446c03'...
INFO:sim - Pre-processing HDL files for 'bmg_72_410b3d3227446c03'...
Running synthesis for 'bmg_72_410b3d3227446c03'
Running ngcbuild...
Writing VHO instantiation template for 'bmg_72_410b3d3227446c03'...
Writing VHDL behavioral simulation model for 'bmg_72_410b3d3227446c03'...
WARNING:sim - No files were found for the view xilinx_documentation
INFO:sim:949 - Finished generation of ASY schematic symbol.
Generating metadata file...
Generating ISE project file for 'bmg_72_410b3d3227446c03'...
Generating README file...
Generating FLIST file...
INFO:sim:948 - Finished FLIST file generation.
Moving files to output directory...
Finished moving files to output directory
Saved CGP file for project 'coregen'.
INFO:sim:172 - Generating IP...
Resolving generics for 'bmg_72_6f9d105f6f5129b9'...
Applying external generics to 'bmg_72_6f9d105f6f5129b9'...
Delivering associated files for 'bmg_72_6f9d105f6f5129b9'...
Delivering EJava files for 'bmg_72_6f9d105f6f5129b9'...
Generating implementation netlist for 'bmg_72_6f9d105f6f5129b9'...
INFO:sim - Pre-processing HDL files for 'bmg_72_6f9d105f6f5129b9'...
Running synthesis for 'bmg_72_6f9d105f6f5129b9'
Running ngcbuild...
Writing VHO instantiation template for 'bmg_72_6f9d105f6f5129b9'...
Writing VHDL behavioral simulation model for 'bmg_72_6f9d105f6f5129b9'...
WARNING:sim - No files were found for the view xilinx_documentation
INFO:sim:949 - Finished generation of ASY schematic symbol.
Generating metadata file...
Generating ISE project file for 'bmg_72_6f9d105f6f5129b9'...
Generating README file...
Generating FLIST file...
INFO:sim:948 - Finished FLIST file generation.
Moving files to output directory...
Finished moving files to output directory
Saved CGP file for project 'coregen'.
INFO:sim:172 - Generating IP...
Resolving generics for 'cmlt_11_2_13bc97a43f38db15'...
Applying external generics to 'cmlt_11_2_13bc97a43f38db15'...
Delivering associated files for 'cmlt_11_2_13bc97a43f38db15'...
Generating implementation netlist for 'cmlt_11_2_13bc97a43f38db15'...
INFO:sim - Pre-processing HDL files for 'cmlt_11_2_13bc97a43f38db15'...
Running synthesis for 'cmlt_11_2_13bc97a43f38db15'
Running ngcbuild...
Writing VHO instantiation template for 'cmlt_11_2_13bc97a43f38db15'...
Writing VHDL behavioral simulation model for 'cmlt_11_2_13bc97a43f38db15'...
Delivered 3 files into directory
C:/Users/gurur/AppData/Local/Temp/sysgentmp-Gururaja/cg_wk/c77490c6ecd696cbc/tmp
/_cg/cmlt_11_2_13bc97a43f38db15
Delivered 1 file into directory
C:/Users/gurur/AppData/Local/Temp/sysgentmp-Gururaja/cg_wk/c77490c6ecd696cbc/tmp
/_cg/cmlt_11_2_13bc97a43f38db15
INFO:sim:949 - Finished generation of ASY schematic symbol.
Generating metadata file...
Generating ISE project file for 'cmlt_11_2_13bc97a43f38db15'...
Generating README file...
Generating FLIST file...
INFO:sim:948 - Finished FLIST file generation.
Moving files to output directory...
Finished moving files to output directory
Saved CGP file for project 'coregen'.
INFO:sim:172 - Generating IP...
Resolving generics for 'cmlt_11_2_3040979a47684d1c'...
Applying external generics to 'cmlt_11_2_3040979a47684d1c'...
Delivering associated files for 'cmlt_11_2_3040979a47684d1c'...
Generating implementation netlist for 'cmlt_11_2_3040979a47684d1c'...
INFO:sim - Pre-processing HDL files for 'cmlt_11_2_3040979a47684d1c'...
Running synthesis for 'cmlt_11_2_3040979a47684d1c'
Running ngcbuild...
Writing VHO instantiation template for 'cmlt_11_2_3040979a47684d1c'...
Writing VHDL behavioral simulation model for 'cmlt_11_2_3040979a47684d1c'...
Delivered 3 files into directory
C:/Users/gurur/AppData/Local/Temp/sysgentmp-Gururaja/cg_wk/c77490c6ecd696cbc/tmp
/_cg/cmlt_11_2_3040979a47684d1c
Delivered 1 file into directory
C:/Users/gurur/AppData/Local/Temp/sysgentmp-Gururaja/cg_wk/c77490c6ecd696cbc/tmp
/_cg/cmlt_11_2_3040979a47684d1c
INFO:sim:949 - Finished generation of ASY schematic symbol.
Generating metadata file...
Generating ISE project file for 'cmlt_11_2_3040979a47684d1c'...
Generating README file...
Generating FLIST file...
INFO:sim:948 - Finished FLIST file generation.
Moving files to output directory...
Finished moving files to output directory
Saved CGP file for project 'coregen'.
INFO:sim:172 - Generating IP...
Resolving generics for 'cmlt_11_2_4ff21534f5d532d3'...
Applying external generics to 'cmlt_11_2_4ff21534f5d532d3'...
Delivering associated files for 'cmlt_11_2_4ff21534f5d532d3'...
Generating implementation netlist for 'cmlt_11_2_4ff21534f5d532d3'...
INFO:sim - Pre-processing HDL files for 'cmlt_11_2_4ff21534f5d532d3'...
Running synthesis for 'cmlt_11_2_4ff21534f5d532d3'
Running ngcbuild...
Writing VHO instantiation template for 'cmlt_11_2_4ff21534f5d532d3'...
Writing VHDL behavioral simulation model for 'cmlt_11_2_4ff21534f5d532d3'...
Delivered 3 files into directory
C:/Users/gurur/AppData/Local/Temp/sysgentmp-Gururaja/cg_wk/c77490c6ecd696cbc/tmp
/_cg/cmlt_11_2_4ff21534f5d532d3
Delivered 1 file into directory
C:/Users/gurur/AppData/Local/Temp/sysgentmp-Gururaja/cg_wk/c77490c6ecd696cbc/tmp
/_cg/cmlt_11_2_4ff21534f5d532d3
INFO:sim:949 - Finished generation of ASY schematic symbol.
Generating metadata file...
Generating ISE project file for 'cmlt_11_2_4ff21534f5d532d3'...
Generating README file...
Generating FLIST file...
INFO:sim:948 - Finished FLIST file generation.
Moving files to output directory...
Finished moving files to output directory
Saved CGP file for project 'coregen'.
INFO:sim:172 - Generating IP...
Resolving generics for 'cmlt_11_2_515a5d7db7c97088'...
Applying external generics to 'cmlt_11_2_515a5d7db7c97088'...
Delivering associated files for 'cmlt_11_2_515a5d7db7c97088'...
Generating implementation netlist for 'cmlt_11_2_515a5d7db7c97088'...
INFO:sim - Pre-processing HDL files for 'cmlt_11_2_515a5d7db7c97088'...
Running synthesis for 'cmlt_11_2_515a5d7db7c97088'
Running ngcbuild...
Writing VHO instantiation template for 'cmlt_11_2_515a5d7db7c97088'...
Writing VHDL behavioral simulation model for 'cmlt_11_2_515a5d7db7c97088'...
Delivered 3 files into directory
C:/Users/gurur/AppData/Local/Temp/sysgentmp-Gururaja/cg_wk/c77490c6ecd696cbc/tmp
/_cg/cmlt_11_2_515a5d7db7c97088
Delivered 1 file into directory
C:/Users/gurur/AppData/Local/Temp/sysgentmp-Gururaja/cg_wk/c77490c6ecd696cbc/tmp
/_cg/cmlt_11_2_515a5d7db7c97088
INFO:sim:949 - Finished generation of ASY schematic symbol.
Generating metadata file...
Generating ISE project file for 'cmlt_11_2_515a5d7db7c97088'...
Generating README file...
Generating FLIST file...
INFO:sim:948 - Finished FLIST file generation.
Moving files to output directory...
Finished moving files to output directory
Saved CGP file for project 'coregen'.
INFO:sim:172 - Generating IP...
Resolving generics for 'cmlt_11_2_5496cf9983a43407'...
Applying external generics to 'cmlt_11_2_5496cf9983a43407'...
Delivering associated files for 'cmlt_11_2_5496cf9983a43407'...
Generating implementation netlist for 'cmlt_11_2_5496cf9983a43407'...
INFO:sim - Pre-processing HDL files for 'cmlt_11_2_5496cf9983a43407'...
Running synthesis for 'cmlt_11_2_5496cf9983a43407'
Running ngcbuild...
Writing VHO instantiation template for 'cmlt_11_2_5496cf9983a43407'...
Writing VHDL behavioral simulation model for 'cmlt_11_2_5496cf9983a43407'...
Delivered 3 files into directory
C:/Users/gurur/AppData/Local/Temp/sysgentmp-Gururaja/cg_wk/c77490c6ecd696cbc/tmp
/_cg/cmlt_11_2_5496cf9983a43407
Delivered 1 file into directory
C:/Users/gurur/AppData/Local/Temp/sysgentmp-Gururaja/cg_wk/c77490c6ecd696cbc/tmp
/_cg/cmlt_11_2_5496cf9983a43407
INFO:sim:949 - Finished generation of ASY schematic symbol.
Generating metadata file...
Generating ISE project file for 'cmlt_11_2_5496cf9983a43407'...
Generating README file...
Generating FLIST file...
INFO:sim:948 - Finished FLIST file generation.
Moving files to output directory...
Finished moving files to output directory
Saved CGP file for project 'coregen'.
INFO:sim:172 - Generating IP...
Resolving generics for 'cmlt_11_2_9872e8b7ce5da253'...
Applying external generics to 'cmlt_11_2_9872e8b7ce5da253'...
Delivering associated files for 'cmlt_11_2_9872e8b7ce5da253'...
Generating implementation netlist for 'cmlt_11_2_9872e8b7ce5da253'...
INFO:sim - Pre-processing HDL files for 'cmlt_11_2_9872e8b7ce5da253'...
Running synthesis for 'cmlt_11_2_9872e8b7ce5da253'
Running ngcbuild...
Writing VHO instantiation template for 'cmlt_11_2_9872e8b7ce5da253'...
Writing VHDL behavioral simulation model for 'cmlt_11_2_9872e8b7ce5da253'...
Delivered 3 files into directory
C:/Users/gurur/AppData/Local/Temp/sysgentmp-Gururaja/cg_wk/c77490c6ecd696cbc/tmp
/_cg/cmlt_11_2_9872e8b7ce5da253
Delivered 1 file into directory
C:/Users/gurur/AppData/Local/Temp/sysgentmp-Gururaja/cg_wk/c77490c6ecd696cbc/tmp
/_cg/cmlt_11_2_9872e8b7ce5da253
INFO:sim:949 - Finished generation of ASY schematic symbol.
Generating metadata file...
Generating ISE project file for 'cmlt_11_2_9872e8b7ce5da253'...
Generating README file...
Generating FLIST file...
INFO:sim:948 - Finished FLIST file generation.
Moving files to output directory...
Finished moving files to output directory
Saved CGP file for project 'coregen'.
INFO:sim:172 - Generating IP...
Resolving generics for 'cntr_11_0_408dad9701d8fb61'...
Applying external generics to 'cntr_11_0_408dad9701d8fb61'...
Delivering associated files for 'cntr_11_0_408dad9701d8fb61'...
Generating implementation netlist for 'cntr_11_0_408dad9701d8fb61'...
INFO:sim - Pre-processing HDL files for 'cntr_11_0_408dad9701d8fb61'...
Running synthesis for 'cntr_11_0_408dad9701d8fb61'
Running ngcbuild...
Writing VHO instantiation template for 'cntr_11_0_408dad9701d8fb61'...
Writing VHDL behavioral simulation model for 'cntr_11_0_408dad9701d8fb61'...
Delivered 3 files into directory
C:/Users/gurur/AppData/Local/Temp/sysgentmp-Gururaja/cg_wk/c77490c6ecd696cbc/tmp
/_cg/cntr_11_0_408dad9701d8fb61
Delivered 1 file into directory
C:/Users/gurur/AppData/Local/Temp/sysgentmp-Gururaja/cg_wk/c77490c6ecd696cbc/tmp
/_cg/cntr_11_0_408dad9701d8fb61
INFO:sim:949 - Finished generation of ASY schematic symbol.
Generating metadata file...
Generating ISE project file for 'cntr_11_0_408dad9701d8fb61'...
Generating README file...
Generating FLIST file...
INFO:sim:948 - Finished FLIST file generation.
Moving files to output directory...
Finished moving files to output directory
Saved CGP file for project 'coregen'.
INFO:sim:172 - Generating IP...
Resolving generics for 'cntr_11_0_467594213c284489'...
Applying external generics to 'cntr_11_0_467594213c284489'...
Delivering associated files for 'cntr_11_0_467594213c284489'...
Generating implementation netlist for 'cntr_11_0_467594213c284489'...
INFO:sim - Pre-processing HDL files for 'cntr_11_0_467594213c284489'...
Running synthesis for 'cntr_11_0_467594213c284489'
Running ngcbuild...
Writing VHO instantiation template for 'cntr_11_0_467594213c284489'...
Writing VHDL behavioral simulation model for 'cntr_11_0_467594213c284489'...
Delivered 3 files into directory
C:/Users/gurur/AppData/Local/Temp/sysgentmp-Gururaja/cg_wk/c77490c6ecd696cbc/tmp
/_cg/cntr_11_0_467594213c284489
Delivered 1 file into directory
C:/Users/gurur/AppData/Local/Temp/sysgentmp-Gururaja/cg_wk/c77490c6ecd696cbc/tmp
/_cg/cntr_11_0_467594213c284489
INFO:sim:949 - Finished generation of ASY schematic symbol.
Generating metadata file...
Generating ISE project file for 'cntr_11_0_467594213c284489'...
Generating README file...
Generating FLIST file...
INFO:sim:948 - Finished FLIST file generation.
Moving files to output directory...
Finished moving files to output directory
Saved CGP file for project 'coregen'.
INFO:sim:172 - Generating IP...
Resolving generics for 'cntr_11_0_f08a9e8f3d5b5bdb'...
Applying external generics to 'cntr_11_0_f08a9e8f3d5b5bdb'...
Delivering associated files for 'cntr_11_0_f08a9e8f3d5b5bdb'...
Generating implementation netlist for 'cntr_11_0_f08a9e8f3d5b5bdb'...
INFO:sim - Pre-processing HDL files for 'cntr_11_0_f08a9e8f3d5b5bdb'...
Running synthesis for 'cntr_11_0_f08a9e8f3d5b5bdb'
Running ngcbuild...
Writing VHO instantiation template for 'cntr_11_0_f08a9e8f3d5b5bdb'...
Writing VHDL behavioral simulation model for 'cntr_11_0_f08a9e8f3d5b5bdb'...
Delivered 3 files into directory
C:/Users/gurur/AppData/Local/Temp/sysgentmp-Gururaja/cg_wk/c77490c6ecd696cbc/tmp
/_cg/cntr_11_0_f08a9e8f3d5b5bdb
Delivered 1 file into directory
C:/Users/gurur/AppData/Local/Temp/sysgentmp-Gururaja/cg_wk/c77490c6ecd696cbc/tmp
/_cg/cntr_11_0_f08a9e8f3d5b5bdb
INFO:sim:949 - Finished generation of ASY schematic symbol.
Generating metadata file...
Generating ISE project file for 'cntr_11_0_f08a9e8f3d5b5bdb'...
Generating README file...
Generating FLIST file...
INFO:sim:948 - Finished FLIST file generation.
Moving files to output directory...
Finished moving files to output directory
Saved CGP file for project 'coregen'.
Saved CGP file for project 'coregen'.
