ISim log file
Running: E:\PROJECTS\FINAL YEAR PROJECT\attempts in python\WORKING\SIFT-SYSGEN\netlist\sift_cw_isim_beh.exe -intstyle ise -gui -tclbatch isim.cmd -wdb E:/PROJECTS/FINAL YEAR PROJECT/attempts in python/WORKING/SIFT-SYSGEN/netlist/sift_cw_isim_beh.wdb 
ISim P.20131013 (signature 0x7708f090)
This is a Full version of ISim.
Time resolution is 1 ps
# onerror resume
# wave add /
# run 1000 ns
Simulator is doing circuit initialization process.
at 0 ps, Instance /sift_cw/sift_x0/gaussian_filter1_59aae9082e/virtex_line_buffer_a29e816750/relational/ : Warning: NUMERIC_STD."=": metavalue detected, returning FALSE
at 0 ps, Instance /sift_cw/sift_x0/gaussian_filter2_360262754e/virtex_line_buffer_a29e816750/relational/ : Warning: NUMERIC_STD."=": metavalue detected, returning FALSE
at 0 ps, Instance /sift_cw/sift_x0/gaussian_filter3_ebf74f7686/virtex_line_buffer_a29e816750/relational/ : Warning: NUMERIC_STD."=": metavalue detected, returning FALSE
at 0 ps, Instance /sift_cw/sift_x0/gaussian_filter4_2106171b83/virtex_line_buffer_a29e816750/relational/ : Warning: NUMERIC_STD."=": metavalue detected, returning FALSE
at 0 ps, Instance /sift_cw/sift_x0/gaussian_filter5_7c41ae8701/virtex_line_buffer_a29e816750/relational/ : Warning: NUMERIC_STD."=": metavalue detected, returning FALSE
at 0 ps, Instance /sift_cw/sift_x0/gaussian_filter_75f41107d3/virtex_line_buffer_a29e816750/relational/ : Warning: NUMERIC_STD."=": metavalue detected, returning FALSE
at 0 ps, Instance /sift_cw/sift_x0/maxima1_905a1e75b5/subsystem1_d7c3e0e1a7/relational/ : Warning: NUMERIC_STD.">": metavalue detected, returning FALSE
at 0 ps, Instance /sift_cw/sift_x0/maxima1_905a1e75b5/subsystem1_d7c3e0e1a7/relational1/ : Warning: NUMERIC_STD.">": metavalue detected, returning FALSE
at 0 ps, Instance /sift_cw/sift_x0/maxima1_905a1e75b5/subsystem1_d7c3e0e1a7/relational2/ : Warning: NUMERIC_STD.">": metavalue detected, returning FALSE
at 0 ps, Instance /sift_cw/sift_x0/maxima1_905a1e75b5/subsystem1_d7c3e0e1a7/relational3/ : Warning: NUMERIC_STD.">": metavalue detected, returning FALSE
at 0 ps, Instance /sift_cw/sift_x0/maxima1_905a1e75b5/subsystem1_d7c3e0e1a7/relational4/ : Warning: NUMERIC_STD.">": metavalue detected, returning FALSE
at 0 ps, Instance /sift_cw/sift_x0/maxima1_905a1e75b5/subsystem1_d7c3e0e1a7/relational5/ : Warning: NUMERIC_STD.">": metavalue detected, returning FALSE
at 0 ps, Instance /sift_cw/sift_x0/maxima1_905a1e75b5/subsystem1_d7c3e0e1a7/relational6/ : Warning: NUMERIC_STD.">": metavalue detected, returning FALSE
at 0 ps, Instance /sift_cw/sift_x0/maxima1_905a1e75b5/subsystem1_d7c3e0e1a7/relational7/ : Warning: NUMERIC_STD.">": metavalue detected, returning FALSE
at 0 ps, Instance /sift_cw/sift_x0/maxima1_905a1e75b5/subsystem2_9d437adc7b/relational/ : Warning: NUMERIC_STD.">": metavalue detected, returning FALSE
at 0 ps, Instance /sift_cw/sift_x0/maxima1_905a1e75b5/subsystem2_9d437adc7b/relational1/ : Warning: NUMERIC_STD.">": metavalue detected, returning FALSE
at 0 ps, Instance /sift_cw/sift_x0/maxima1_905a1e75b5/subsystem2_9d437adc7b/relational2/ : Warning: NUMERIC_STD.">": metavalue detected, returning FALSE
at 0 ps, Instance /sift_cw/sift_x0/maxima1_905a1e75b5/subsystem2_9d437adc7b/relational3/ : Warning: NUMERIC_STD.">": metavalue detected, returning FALSE
at 0 ps, Instance /sift_cw/sift_x0/maxima1_905a1e75b5/subsystem2_9d437adc7b/relational4/ : Warning: NUMERIC_STD.">": metavalue detected, returning FALSE
at 0 ps, Instance /sift_cw/sift_x0/maxima1_905a1e75b5/subsystem2_9d437adc7b/relational5/ : Warning: NUMERIC_STD.">": metavalue detected, returning FALSE
at 0 ps, Instance /sift_cw/sift_x0/maxima1_905a1e75b5/subsystem2_9d437adc7b/relational6/ : Warning: NUMERIC_STD.">": metavalue detected, returning FALSE
at 0 ps, Instance /sift_cw/sift_x0/maxima1_905a1e75b5/subsystem2_9d437adc7b/relational7/ : Warning: NUMERIC_STD.">": metavalue detected, returning FALSE
at 0 ps, Instance /sift_cw/sift_x0/maxima1_905a1e75b5/subsystem2_9d437adc7b/relational8/ : Warning: NUMERIC_STD.">": metavalue detected, returning FALSE
at 0 ps, Instance /sift_cw/sift_x0/maxima1_905a1e75b5/subsystem2_9d437adc7b/relational9/ : Warning: NUMERIC_STD.">": metavalue detected, returning FALSE
at 0 ps, Instance /sift_cw/sift_x0/maxima1_905a1e75b5/subsystem_d161dbf7fc/relational/ : Warning: NUMERIC_STD.">": metavalue detected, returning FALSE
at 0 ps, Instance /sift_cw/sift_x0/maxima1_905a1e75b5/subsystem_d161dbf7fc/relational1/ : Warning: NUMERIC_STD.">": metavalue detected, returning FALSE
at 0 ps, Instance /sift_cw/sift_x0/maxima1_905a1e75b5/subsystem_d161dbf7fc/relational2/ : Warning: NUMERIC_STD.">": metavalue detected, returning FALSE
at 0 ps, Instance /sift_cw/sift_x0/maxima1_905a1e75b5/subsystem_d161dbf7fc/relational3/ : Warning: NUMERIC_STD.">": metavalue detected, returning FALSE
at 0 ps, Instance /sift_cw/sift_x0/maxima1_905a1e75b5/subsystem_d161dbf7fc/relational4/ : Warning: NUMERIC_STD.">": metavalue detected, returning FALSE
at 0 ps, Instance /sift_cw/sift_x0/maxima1_905a1e75b5/subsystem_d161dbf7fc/relational5/ : Warning: NUMERIC_STD.">": metavalue detected, returning FALSE
at 0 ps, Instance /sift_cw/sift_x0/maxima1_905a1e75b5/subsystem_d161dbf7fc/relational6/ : Warning: NUMERIC_STD.">": metavalue detected, returning FALSE
at 0 ps, Instance /sift_cw/sift_x0/maxima1_905a1e75b5/subsystem_d161dbf7fc/relational7/ : Warning: NUMERIC_STD.">": metavalue detected, returning FALSE
at 0 ps, Instance /sift_cw/sift_x0/maxima_f36dca9fb9/subsystem1_d7c3e0e1a7/relational/ : Warning: NUMERIC_STD.">": metavalue detected, returning FALSE
at 0 ps, Instance /sift_cw/sift_x0/maxima_f36dca9fb9/subsystem1_d7c3e0e1a7/relational1/ : Warning: NUMERIC_STD.">": metavalue detected, returning FALSE
at 0 ps, Instance /sift_cw/sift_x0/maxima_f36dca9fb9/subsystem1_d7c3e0e1a7/relational2/ : Warning: NUMERIC_STD.">": metavalue detected, returning FALSE
at 0 ps, Instance /sift_cw/sift_x0/maxima_f36dca9fb9/subsystem1_d7c3e0e1a7/relational3/ : Warning: NUMERIC_STD.">": metavalue detected, returning FALSE
at 0 ps, Instance /sift_cw/sift_x0/maxima_f36dca9fb9/subsystem1_d7c3e0e1a7/relational4/ : Warning: NUMERIC_STD.">": metavalue detected, returning FALSE
at 0 ps, Instance /sift_cw/sift_x0/maxima_f36dca9fb9/subsystem1_d7c3e0e1a7/relational5/ : Warning: NUMERIC_STD.">": metavalue detected, returning FALSE
at 0 ps, Instance /sift_cw/sift_x0/maxima_f36dca9fb9/subsystem1_d7c3e0e1a7/relational6/ : Warning: NUMERIC_STD.">": metavalue detected, returning FALSE
at 0 ps, Instance /sift_cw/sift_x0/maxima_f36dca9fb9/subsystem1_d7c3e0e1a7/relational7/ : Warning: NUMERIC_STD.">": metavalue detected, returning FALSE
at 0 ps, Instance /sift_cw/sift_x0/maxima_f36dca9fb9/subsystem2_9d437adc7b/relational/ : Warning: NUMERIC_STD.">": metavalue detected, returning FALSE
at 0 ps, Instance /sift_cw/sift_x0/maxima_f36dca9fb9/subsystem2_9d437adc7b/relational1/ : Warning: NUMERIC_STD.">": metavalue detected, returning FALSE
at 0 ps, Instance /sift_cw/sift_x0/maxima_f36dca9fb9/subsystem2_9d437adc7b/relational2/ : Warning: NUMERIC_STD.">": metavalue detected, returning FALSE
at 0 ps, Instance /sift_cw/sift_x0/maxima_f36dca9fb9/subsystem2_9d437adc7b/relational3/ : Warning: NUMERIC_STD.">": metavalue detected, returning FALSE
at 0 ps, Instance /sift_cw/sift_x0/maxima_f36dca9fb9/subsystem2_9d437adc7b/relational4/ : Warning: NUMERIC_STD.">": metavalue detected, returning FALSE
at 0 ps, Instance /sift_cw/sift_x0/maxima_f36dca9fb9/subsystem2_9d437adc7b/relational5/ : Warning: NUMERIC_STD.">": metavalue detected, returning FALSE
at 0 ps, Instance /sift_cw/sift_x0/maxima_f36dca9fb9/subsystem2_9d437adc7b/relational6/ : Warning: NUMERIC_STD.">": metavalue detected, returning FALSE
at 0 ps, Instance /sift_cw/sift_x0/maxima_f36dca9fb9/subsystem2_9d437adc7b/relational7/ : Warning: NUMERIC_STD.">": metavalue detected, returning FALSE
at 0 ps, Instance /sift_cw/sift_x0/maxima_f36dca9fb9/subsystem2_9d437adc7b/relational8/ : Warning: NUMERIC_STD.">": metavalue detected, returning FALSE
at 0 ps, Instance /sift_cw/sift_x0/maxima_f36dca9fb9/subsystem2_9d437adc7b/relational9/ : Warning: NUMERIC_STD.">": metavalue detected, returning FALSE
at 0 ps, Instance /sift_cw/sift_x0/maxima_f36dca9fb9/subsystem_d161dbf7fc/relational/ : Warning: NUMERIC_STD.">": metavalue detected, returning FALSE
at 0 ps, Instance /sift_cw/sift_x0/maxima_f36dca9fb9/subsystem_d161dbf7fc/relational1/ : Warning: NUMERIC_STD.">": metavalue detected, returning FALSE
at 0 ps, Instance /sift_cw/sift_x0/maxima_f36dca9fb9/subsystem_d161dbf7fc/relational2/ : Warning: NUMERIC_STD.">": metavalue detected, returning FALSE
at 0 ps, Instance /sift_cw/sift_x0/maxima_f36dca9fb9/subsystem_d161dbf7fc/relational3/ : Warning: NUMERIC_STD.">": metavalue detected, returning FALSE
at 0 ps, Instance /sift_cw/sift_x0/maxima_f36dca9fb9/subsystem_d161dbf7fc/relational4/ : Warning: NUMERIC_STD.">": metavalue detected, returning FALSE
at 0 ps, Instance /sift_cw/sift_x0/maxima_f36dca9fb9/subsystem_d161dbf7fc/relational5/ : Warning: NUMERIC_STD.">": metavalue detected, returning FALSE
at 0 ps, Instance /sift_cw/sift_x0/maxima_f36dca9fb9/subsystem_d161dbf7fc/relational6/ : Warning: NUMERIC_STD.">": metavalue detected, returning FALSE
at 0 ps, Instance /sift_cw/sift_x0/maxima_f36dca9fb9/subsystem_d161dbf7fc/relational7/ : Warning: NUMERIC_STD.">": metavalue detected, returning FALSE
at 0 ps, Instance /sift_cw/sift_x0/minima1_14bf128444/subsystem1_632ff6b114/relational/ : Warning: NUMERIC_STD."<": metavalue detected, returning FALSE
at 0 ps, Instance /sift_cw/sift_x0/minima1_14bf128444/subsystem1_632ff6b114/relational1/ : Warning: NUMERIC_STD."<": metavalue detected, returning FALSE
at 0 ps, Instance /sift_cw/sift_x0/minima1_14bf128444/subsystem1_632ff6b114/relational2/ : Warning: NUMERIC_STD."<": metavalue detected, returning FALSE
at 0 ps, Instance /sift_cw/sift_x0/minima1_14bf128444/subsystem1_632ff6b114/relational3/ : Warning: NUMERIC_STD."<": metavalue detected, returning FALSE
at 0 ps, Instance /sift_cw/sift_x0/minima1_14bf128444/subsystem1_632ff6b114/relational4/ : Warning: NUMERIC_STD."<": metavalue detected, returning FALSE
at 0 ps, Instance /sift_cw/sift_x0/minima1_14bf128444/subsystem1_632ff6b114/relational5/ : Warning: NUMERIC_STD."<": metavalue detected, returning FALSE
at 0 ps, Instance /sift_cw/sift_x0/minima1_14bf128444/subsystem1_632ff6b114/relational6/ : Warning: NUMERIC_STD."<": metavalue detected, returning FALSE
at 0 ps, Instance /sift_cw/sift_x0/minima1_14bf128444/subsystem1_632ff6b114/relational7/ : Warning: NUMERIC_STD."<": metavalue detected, returning FALSE
at 0 ps, Instance /sift_cw/sift_x0/minima1_14bf128444/subsystem2_2a6c0a7987/relational/ : Warning: NUMERIC_STD."<": metavalue detected, returning FALSE
at 0 ps, Instance /sift_cw/sift_x0/minima1_14bf128444/subsystem2_2a6c0a7987/relational1/ : Warning: NUMERIC_STD."<": metavalue detected, returning FALSE
at 0 ps, Instance /sift_cw/sift_x0/minima1_14bf128444/subsystem2_2a6c0a7987/relational2/ : Warning: NUMERIC_STD."<": metavalue detected, returning FALSE
at 0 ps, Instance /sift_cw/sift_x0/minima1_14bf128444/subsystem2_2a6c0a7987/relational3/ : Warning: NUMERIC_STD."<": metavalue detected, returning FALSE
at 0 ps, Instance /sift_cw/sift_x0/minima1_14bf128444/subsystem2_2a6c0a7987/relational4/ : Warning: NUMERIC_STD."<": metavalue detected, returning FALSE
at 0 ps, Instance /sift_cw/sift_x0/minima1_14bf128444/subsystem2_2a6c0a7987/relational5/ : Warning: NUMERIC_STD."<": metavalue detected, returning FALSE
at 0 ps, Instance /sift_cw/sift_x0/minima1_14bf128444/subsystem2_2a6c0a7987/relational6/ : Warning: NUMERIC_STD."<": metavalue detected, returning FALSE
at 0 ps, Instance /sift_cw/sift_x0/minima1_14bf128444/subsystem2_2a6c0a7987/relational7/ : Warning: NUMERIC_STD."<": metavalue detected, returning FALSE
at 0 ps, Instance /sift_cw/sift_x0/minima1_14bf128444/subsystem2_2a6c0a7987/relational8/ : Warning: NUMERIC_STD."<": metavalue detected, returning FALSE
at 0 ps, Instance /sift_cw/sift_x0/minima1_14bf128444/subsystem2_2a6c0a7987/relational9/ : Warning: NUMERIC_STD."<": metavalue detected, returning FALSE
at 0 ps, Instance /sift_cw/sift_x0/minima1_14bf128444/subsystem_1998dcc4bb/relational/ : Warning: NUMERIC_STD."<": metavalue detected, returning FALSE
at 0 ps, Instance /sift_cw/sift_x0/minima1_14bf128444/subsystem_1998dcc4bb/relational1/ : Warning: NUMERIC_STD."<": metavalue detected, returning FALSE
at 0 ps, Instance /sift_cw/sift_x0/minima1_14bf128444/subsystem_1998dcc4bb/relational2/ : Warning: NUMERIC_STD."<": metavalue detected, returning FALSE
at 0 ps, Instance /sift_cw/sift_x0/minima1_14bf128444/subsystem_1998dcc4bb/relational3/ : Warning: NUMERIC_STD."<": metavalue detected, returning FALSE
at 0 ps, Instance /sift_cw/sift_x0/minima1_14bf128444/subsystem_1998dcc4bb/relational4/ : Warning: NUMERIC_STD."<": metavalue detected, returning FALSE
at 0 ps, Instance /sift_cw/sift_x0/minima1_14bf128444/subsystem_1998dcc4bb/relational5/ : Warning: NUMERIC_STD."<": metavalue detected, returning FALSE
at 0 ps, Instance /sift_cw/sift_x0/minima1_14bf128444/subsystem_1998dcc4bb/relational6/ : Warning: NUMERIC_STD."<": metavalue detected, returning FALSE
at 0 ps, Instance /sift_cw/sift_x0/minima1_14bf128444/subsystem_1998dcc4bb/relational7/ : Warning: NUMERIC_STD."<": metavalue detected, returning FALSE
at 0 ps, Instance /sift_cw/sift_x0/minima_704bc545e6/subsystem1_632ff6b114/relational/ : Warning: NUMERIC_STD."<": metavalue detected, returning FALSE
at 0 ps, Instance /sift_cw/sift_x0/minima_704bc545e6/subsystem1_632ff6b114/relational1/ : Warning: NUMERIC_STD."<": metavalue detected, returning FALSE
at 0 ps, Instance /sift_cw/sift_x0/minima_704bc545e6/subsystem1_632ff6b114/relational2/ : Warning: NUMERIC_STD."<": metavalue detected, returning FALSE
at 0 ps, Instance /sift_cw/sift_x0/minima_704bc545e6/subsystem1_632ff6b114/relational3/ : Warning: NUMERIC_STD."<": metavalue detected, returning FALSE
at 0 ps, Instance /sift_cw/sift_x0/minima_704bc545e6/subsystem1_632ff6b114/relational4/ : Warning: NUMERIC_STD."<": metavalue detected, returning FALSE
at 0 ps, Instance /sift_cw/sift_x0/minima_704bc545e6/subsystem1_632ff6b114/relational5/ : Warning: NUMERIC_STD."<": metavalue detected, returning FALSE
at 0 ps, Instance /sift_cw/sift_x0/minima_704bc545e6/subsystem1_632ff6b114/relational6/ : Warning: NUMERIC_STD."<": metavalue detected, returning FALSE
at 0 ps, Instance /sift_cw/sift_x0/minima_704bc545e6/subsystem1_632ff6b114/relational7/ : Warning: NUMERIC_STD."<": metavalue detected, returning FALSE
at 0 ps, Instance /sift_cw/sift_x0/minima_704bc545e6/subsystem2_2a6c0a7987/relational/ : Warning: NUMERIC_STD."<": metavalue detected, returning FALSE
at 0 ps, Instance /sift_cw/sift_x0/minima_704bc545e6/subsystem2_2a6c0a7987/relational1/ : Warning: NUMERIC_STD."<": metavalue detected, returning FALSE
at 0 ps, Instance /sift_cw/sift_x0/minima_704bc545e6/subsystem2_2a6c0a7987/relational2/ : Warning: NUMERIC_STD."<": metavalue detected, returning FALSE
at 0 ps, Instance /sift_cw/sift_x0/minima_704bc545e6/subsystem2_2a6c0a7987/relational3/ : Warning: NUMERIC_STD."<": metavalue detected, returning FALSE
at 0 ps, Instance /sift_cw/sift_x0/minima_704bc545e6/subsystem2_2a6c0a7987/relational4/ : Warning: NUMERIC_STD."<": metavalue detected, returning FALSE
at 0 ps, Instance /sift_cw/sift_x0/minima_704bc545e6/subsystem2_2a6c0a7987/relational5/ : Warning: NUMERIC_STD."<": metavalue detected, returning FALSE
at 0 ps, Instance /sift_cw/sift_x0/minima_704bc545e6/subsystem2_2a6c0a7987/relational6/ : Warning: NUMERIC_STD."<": metavalue detected, returning FALSE
at 0 ps, Instance /sift_cw/sift_x0/minima_704bc545e6/subsystem2_2a6c0a7987/relational7/ : Warning: NUMERIC_STD."<": metavalue detected, returning FALSE
at 0 ps, Instance /sift_cw/sift_x0/minima_704bc545e6/subsystem2_2a6c0a7987/relational8/ : Warning: NUMERIC_STD."<": metavalue detected, returning FALSE
at 0 ps, Instance /sift_cw/sift_x0/minima_704bc545e6/subsystem2_2a6c0a7987/relational9/ : Warning: NUMERIC_STD."<": metavalue detected, returning FALSE
at 0 ps, Instance /sift_cw/sift_x0/minima_704bc545e6/subsystem_1998dcc4bb/relational/ : Warning: NUMERIC_STD."<": metavalue detected, returning FALSE
at 0 ps, Instance /sift_cw/sift_x0/minima_704bc545e6/subsystem_1998dcc4bb/relational1/ : Warning: NUMERIC_STD."<": metavalue detected, returning FALSE
at 0 ps, Instance /sift_cw/sift_x0/minima_704bc545e6/subsystem_1998dcc4bb/relational2/ : Warning: NUMERIC_STD."<": metavalue detected, returning FALSE
at 0 ps, Instance /sift_cw/sift_x0/minima_704bc545e6/subsystem_1998dcc4bb/relational3/ : Warning: NUMERIC_STD."<": metavalue detected, returning FALSE
at 0 ps, Instance /sift_cw/sift_x0/minima_704bc545e6/subsystem_1998dcc4bb/relational4/ : Warning: NUMERIC_STD."<": metavalue detected, returning FALSE
at 0 ps, Instance /sift_cw/sift_x0/minima_704bc545e6/subsystem_1998dcc4bb/relational5/ : Warning: NUMERIC_STD."<": metavalue detected, returning FALSE
at 0 ps, Instance /sift_cw/sift_x0/minima_704bc545e6/subsystem_1998dcc4bb/relational6/ : Warning: NUMERIC_STD."<": metavalue detected, returning FALSE
at 0 ps, Instance /sift_cw/sift_x0/minima_704bc545e6/subsystem_1998dcc4bb/relational7/ : Warning: NUMERIC_STD."<": metavalue detected, returning FALSE
at 0 ps, Instance /sift_cw/sift_x0/window_generator1_77d7170cd1/virtex_line_buffer1_716e9e469b/relational/ : Warning: NUMERIC_STD."=": metavalue detected, returning FALSE
at 0 ps, Instance /sift_cw/sift_x0/window_generator1_77d7170cd1/virtex_line_buffer_16e10a05b3/relational/ : Warning: NUMERIC_STD."=": metavalue detected, returning FALSE
at 0 ps, Instance /sift_cw/sift_x0/window_generator2_5df1ec7872/virtex_line_buffer1_716e9e469b/relational/ : Warning: NUMERIC_STD."=": metavalue detected, returning FALSE
at 0 ps, Instance /sift_cw/sift_x0/window_generator2_5df1ec7872/virtex_line_buffer_16e10a05b3/relational/ : Warning: NUMERIC_STD."=": metavalue detected, returning FALSE
at 0 ps, Instance /sift_cw/sift_x0/window_generator3_a4dba0e85a/virtex_line_buffer1_716e9e469b/relational/ : Warning: NUMERIC_STD."=": metavalue detected, returning FALSE
at 0 ps, Instance /sift_cw/sift_x0/window_generator3_a4dba0e85a/virtex_line_buffer_16e10a05b3/relational/ : Warning: NUMERIC_STD."=": metavalue detected, returning FALSE
at 0 ps, Instance /sift_cw/sift_x0/window_generator4_1238959b71/virtex_line_buffer1_716e9e469b/relational/ : Warning: NUMERIC_STD."=": metavalue detected, returning FALSE
at 0 ps, Instance /sift_cw/sift_x0/window_generator4_1238959b71/virtex_line_buffer_16e10a05b3/relational/ : Warning: NUMERIC_STD."=": metavalue detected, returning FALSE
at 0 ps, Instance /sift_cw/sift_x0/window_generator_68334b248c/virtex_line_buffer1_716e9e469b/relational/ : Warning: NUMERIC_STD."=": metavalue detected, returning FALSE
at 0 ps, Instance /sift_cw/sift_x0/window_generator_68334b248c/virtex_line_buffer_16e10a05b3/relational/ : Warning: NUMERIC_STD."=": metavalue detected, returning FALSE
Finished circuit initialization process.
at 0 ps, Instance /sift_cw/sift_x0/gaussian_filter1_59aae9082e/subsystem_831c6341cb/cmult/comp0/core_instance0/U0/ : Warning: There is an 'U'|'X'|'W'|'Z'|'-' in an arithmetic operand, the result will be 'X'(es).
at 0 ps, Instance /sift_cw/sift_x0/gaussian_filter1_59aae9082e/virtex_line_buffer_a29e816750/relational/ : Warning: NUMERIC_STD."=": metavalue detected, returning FALSE
at 0 ps, Instance /sift_cw/sift_x0/gaussian_filter2_360262754e/virtex_line_buffer_a29e816750/relational/ : Warning: NUMERIC_STD."=": metavalue detected, returning FALSE
at 0 ps, Instance /sift_cw/sift_x0/gaussian_filter3_ebf74f7686/virtex_line_buffer_a29e816750/relational/ : Warning: NUMERIC_STD."=": metavalue detected, returning FALSE
at 0 ps, Instance /sift_cw/sift_x0/gaussian_filter4_2106171b83/virtex_line_buffer_a29e816750/relational/ : Warning: NUMERIC_STD."=": metavalue detected, returning FALSE
at 0 ps, Instance /sift_cw/sift_x0/gaussian_filter5_7c41ae8701/virtex_line_buffer_a29e816750/relational/ : Warning: NUMERIC_STD."=": metavalue detected, returning FALSE
at 0 ps, Instance /sift_cw/sift_x0/gaussian_filter_75f41107d3/virtex_line_buffer_a29e816750/relational/ : Warning: NUMERIC_STD."=": metavalue detected, returning FALSE
at 0 ps, Instance /sift_cw/sift_x0/window_generator1_77d7170cd1/virtex_line_buffer1_716e9e469b/relational/ : Warning: NUMERIC_STD."=": metavalue detected, returning FALSE
at 0 ps, Instance /sift_cw/sift_x0/window_generator1_77d7170cd1/virtex_line_buffer_16e10a05b3/relational/ : Warning: NUMERIC_STD."=": metavalue detected, returning FALSE
at 0 ps, Instance /sift_cw/sift_x0/window_generator2_5df1ec7872/virtex_line_buffer1_716e9e469b/relational/ : Warning: NUMERIC_STD."=": metavalue detected, returning FALSE
at 0 ps, Instance /sift_cw/sift_x0/window_generator2_5df1ec7872/virtex_line_buffer_16e10a05b3/relational/ : Warning: NUMERIC_STD."=": metavalue detected, returning FALSE
at 0 ps, Instance /sift_cw/sift_x0/window_generator3_a4dba0e85a/virtex_line_buffer1_716e9e469b/relational/ : Warning: NUMERIC_STD."=": metavalue detected, returning FALSE
at 0 ps, Instance /sift_cw/sift_x0/window_generator3_a4dba0e85a/virtex_line_buffer_16e10a05b3/relational/ : Warning: NUMERIC_STD."=": metavalue detected, returning FALSE
at 0 ps, Instance /sift_cw/sift_x0/window_generator4_1238959b71/virtex_line_buffer1_716e9e469b/relational/ : Warning: NUMERIC_STD."=": metavalue detected, returning FALSE
at 0 ps, Instance /sift_cw/sift_x0/window_generator4_1238959b71/virtex_line_buffer_16e10a05b3/relational/ : Warning: NUMERIC_STD."=": metavalue detected, returning FALSE
at 0 ps, Instance /sift_cw/sift_x0/window_generator_68334b248c/virtex_line_buffer1_716e9e469b/relational/ : Warning: NUMERIC_STD."=": metavalue detected, returning FALSE
at 0 ps, Instance /sift_cw/sift_x0/window_generator_68334b248c/virtex_line_buffer_16e10a05b3/relational/ : Warning: NUMERIC_STD."=": metavalue detected, returning FALSE
at 0 ps, Instance /sift_cw/sift_x0/maxima1_905a1e75b5/subsystem1_d7c3e0e1a7/relational1/ : Warning: NUMERIC_STD.">": metavalue detected, returning FALSE
at 0 ps, Instance /sift_cw/sift_x0/maxima1_905a1e75b5/subsystem1_d7c3e0e1a7/relational2/ : Warning: NUMERIC_STD.">": metavalue detected, returning FALSE
at 0 ps, Instance /sift_cw/sift_x0/maxima1_905a1e75b5/subsystem1_d7c3e0e1a7/relational3/ : Warning: NUMERIC_STD.">": metavalue detected, returning FALSE
at 0 ps, Instance /sift_cw/sift_x0/maxima1_905a1e75b5/subsystem1_d7c3e0e1a7/relational4/ : Warning: NUMERIC_STD.">": metavalue detected, returning FALSE
at 0 ps, Instance /sift_cw/sift_x0/maxima1_905a1e75b5/subsystem1_d7c3e0e1a7/relational5/ : Warning: NUMERIC_STD.">": metavalue detected, returning FALSE
at 0 ps, Instance /sift_cw/sift_x0/maxima1_905a1e75b5/subsystem1_d7c3e0e1a7/relational6/ : Warning: NUMERIC_STD.">": metavalue detected, returning FALSE
at 0 ps, Instance /sift_cw/sift_x0/maxima1_905a1e75b5/subsystem1_d7c3e0e1a7/relational7/ : Warning: NUMERIC_STD.">": metavalue detected, returning FALSE
at 0 ps, Instance /sift_cw/sift_x0/maxima1_905a1e75b5/subsystem2_9d437adc7b/relational/ : Warning: NUMERIC_STD.">": metavalue detected, returning FALSE
at 0 ps, Instance /sift_cw/sift_x0/maxima1_905a1e75b5/subsystem2_9d437adc7b/relational2/ : Warning: NUMERIC_STD.">": metavalue detected, returning FALSE
at 0 ps, Instance /sift_cw/sift_x0/maxima1_905a1e75b5/subsystem2_9d437adc7b/relational3/ : Warning: NUMERIC_STD.">": metavalue detected, returning FALSE
at 0 ps, Instance /sift_cw/sift_x0/maxima1_905a1e75b5/subsystem2_9d437adc7b/relational4/ : Warning: NUMERIC_STD.">": metavalue detected, returning FALSE
at 0 ps, Instance /sift_cw/sift_x0/maxima1_905a1e75b5/subsystem2_9d437adc7b/relational5/ : Warning: NUMERIC_STD.">": metavalue detected, returning FALSE
at 0 ps, Instance /sift_cw/sift_x0/maxima1_905a1e75b5/subsystem2_9d437adc7b/relational6/ : Warning: NUMERIC_STD.">": metavalue detected, returning FALSE
at 0 ps, Instance /sift_cw/sift_x0/maxima1_905a1e75b5/subsystem2_9d437adc7b/relational7/ : Warning: NUMERIC_STD.">": metavalue detected, returning FALSE
at 0 ps, Instance /sift_cw/sift_x0/maxima1_905a1e75b5/subsystem2_9d437adc7b/relational8/ : Warning: NUMERIC_STD.">": metavalue detected, returning FALSE
at 0 ps, Instance /sift_cw/sift_x0/maxima1_905a1e75b5/subsystem2_9d437adc7b/relational9/ : Warning: NUMERIC_STD.">": metavalue detected, returning FALSE
at 0 ps, Instance /sift_cw/sift_x0/maxima1_905a1e75b5/subsystem_d161dbf7fc/relational/ : Warning: NUMERIC_STD.">": metavalue detected, returning FALSE
at 0 ps, Instance /sift_cw/sift_x0/maxima1_905a1e75b5/subsystem_d161dbf7fc/relational1/ : Warning: NUMERIC_STD.">": metavalue detected, returning FALSE
at 0 ps, Instance /sift_cw/sift_x0/maxima1_905a1e75b5/subsystem_d161dbf7fc/relational2/ : Warning: NUMERIC_STD.">": metavalue detected, returning FALSE
at 0 ps, Instance /sift_cw/sift_x0/maxima1_905a1e75b5/subsystem_d161dbf7fc/relational3/ : Warning: NUMERIC_STD.">": metavalue detected, returning FALSE
at 0 ps, Instance /sift_cw/sift_x0/maxima1_905a1e75b5/subsystem_d161dbf7fc/relational4/ : Warning: NUMERIC_STD.">": metavalue detected, returning FALSE
at 0 ps, Instance /sift_cw/sift_x0/maxima1_905a1e75b5/subsystem_d161dbf7fc/relational5/ : Warning: NUMERIC_STD.">": metavalue detected, returning FALSE
at 0 ps, Instance /sift_cw/sift_x0/maxima1_905a1e75b5/subsystem_d161dbf7fc/relational6/ : Warning: NUMERIC_STD.">": metavalue detected, returning FALSE
at 0 ps, Instance /sift_cw/sift_x0/maxima1_905a1e75b5/subsystem_d161dbf7fc/relational7/ : Warning: NUMERIC_STD.">": metavalue detected, returning FALSE
at 0 ps, Instance /sift_cw/sift_x0/maxima_f36dca9fb9/subsystem1_d7c3e0e1a7/relational1/ : Warning: NUMERIC_STD.">": metavalue detected, returning FALSE
at 0 ps, Instance /sift_cw/sift_x0/maxima_f36dca9fb9/subsystem1_d7c3e0e1a7/relational2/ : Warning: NUMERIC_STD.">": metavalue detected, returning FALSE
at 0 ps, Instance /sift_cw/sift_x0/maxima_f36dca9fb9/subsystem1_d7c3e0e1a7/relational3/ : Warning: NUMERIC_STD.">": metavalue detected, returning FALSE
at 0 ps, Instance /sift_cw/sift_x0/maxima_f36dca9fb9/subsystem1_d7c3e0e1a7/relational4/ : Warning: NUMERIC_STD.">": metavalue detected, returning FALSE
at 0 ps, Instance /sift_cw/sift_x0/maxima_f36dca9fb9/subsystem1_d7c3e0e1a7/relational5/ : Warning: NUMERIC_STD.">": metavalue detected, returning FALSE
at 0 ps, Instance /sift_cw/sift_x0/maxima_f36dca9fb9/subsystem1_d7c3e0e1a7/relational6/ : Warning: NUMERIC_STD.">": metavalue detected, returning FALSE
at 0 ps, Instance /sift_cw/sift_x0/maxima_f36dca9fb9/subsystem1_d7c3e0e1a7/relational7/ : Warning: NUMERIC_STD.">": metavalue detected, returning FALSE
at 0 ps, Instance /sift_cw/sift_x0/maxima_f36dca9fb9/subsystem2_9d437adc7b/relational/ : Warning: NUMERIC_STD.">": metavalue detected, returning FALSE
at 0 ps, Instance /sift_cw/sift_x0/maxima_f36dca9fb9/subsystem2_9d437adc7b/relational2/ : Warning: NUMERIC_STD.">": metavalue detected, returning FALSE
at 0 ps, Instance /sift_cw/sift_x0/maxima_f36dca9fb9/subsystem2_9d437adc7b/relational3/ : Warning: NUMERIC_STD.">": metavalue detected, returning FALSE
at 0 ps, Instance /sift_cw/sift_x0/maxima_f36dca9fb9/subsystem2_9d437adc7b/relational4/ : Warning: NUMERIC_STD.">": metavalue detected, returning FALSE
at 0 ps, Instance /sift_cw/sift_x0/maxima_f36dca9fb9/subsystem2_9d437adc7b/relational5/ : Warning: NUMERIC_STD.">": metavalue detected, returning FALSE
at 0 ps, Instance /sift_cw/sift_x0/maxima_f36dca9fb9/subsystem2_9d437adc7b/relational6/ : Warning: NUMERIC_STD.">": metavalue detected, returning FALSE
at 0 ps, Instance /sift_cw/sift_x0/maxima_f36dca9fb9/subsystem2_9d437adc7b/relational7/ : Warning: NUMERIC_STD.">": metavalue detected, returning FALSE
at 0 ps, Instance /sift_cw/sift_x0/maxima_f36dca9fb9/subsystem2_9d437adc7b/relational8/ : Warning: NUMERIC_STD.">": metavalue detected, returning FALSE
at 0 ps, Instance /sift_cw/sift_x0/maxima_f36dca9fb9/subsystem2_9d437adc7b/relational9/ : Warning: NUMERIC_STD.">": metavalue detected, returning FALSE
at 0 ps, Instance /sift_cw/sift_x0/maxima_f36dca9fb9/subsystem_d161dbf7fc/relational/ : Warning: NUMERIC_STD.">": metavalue detected, returning FALSE
at 0 ps, Instance /sift_cw/sift_x0/maxima_f36dca9fb9/subsystem_d161dbf7fc/relational1/ : Warning: NUMERIC_STD.">": metavalue detected, returning FALSE
at 0 ps, Instance /sift_cw/sift_x0/maxima_f36dca9fb9/subsystem_d161dbf7fc/relational2/ : Warning: NUMERIC_STD.">": metavalue detected, returning FALSE
at 0 ps, Instance /sift_cw/sift_x0/maxima_f36dca9fb9/subsystem_d161dbf7fc/relational3/ : Warning: NUMERIC_STD.">": metavalue detected, returning FALSE
at 0 ps, Instance /sift_cw/sift_x0/maxima_f36dca9fb9/subsystem_d161dbf7fc/relational4/ : Warning: NUMERIC_STD.">": metavalue detected, returning FALSE
at 0 ps, Instance /sift_cw/sift_x0/maxima_f36dca9fb9/subsystem_d161dbf7fc/relational5/ : Warning: NUMERIC_STD.">": metavalue detected, returning FALSE
at 0 ps, Instance /sift_cw/sift_x0/maxima_f36dca9fb9/subsystem_d161dbf7fc/relational6/ : Warning: NUMERIC_STD.">": metavalue detected, returning FALSE
at 0 ps, Instance /sift_cw/sift_x0/maxima_f36dca9fb9/subsystem_d161dbf7fc/relational7/ : Warning: NUMERIC_STD.">": metavalue detected, returning FALSE
at 0 ps, Instance /sift_cw/sift_x0/minima1_14bf128444/subsystem1_632ff6b114/relational1/ : Warning: NUMERIC_STD."<": metavalue detected, returning FALSE
at 0 ps, Instance /sift_cw/sift_x0/minima1_14bf128444/subsystem1_632ff6b114/relational2/ : Warning: NUMERIC_STD."<": metavalue detected, returning FALSE
at 0 ps, Instance /sift_cw/sift_x0/minima1_14bf128444/subsystem1_632ff6b114/relational3/ : Warning: NUMERIC_STD."<": metavalue detected, returning FALSE
at 0 ps, Instance /sift_cw/sift_x0/minima1_14bf128444/subsystem1_632ff6b114/relational4/ : Warning: NUMERIC_STD."<": metavalue detected, returning FALSE
at 0 ps, Instance /sift_cw/sift_x0/minima1_14bf128444/subsystem1_632ff6b114/relational5/ : Warning: NUMERIC_STD."<": metavalue detected, returning FALSE
at 0 ps, Instance /sift_cw/sift_x0/minima1_14bf128444/subsystem1_632ff6b114/relational6/ : Warning: NUMERIC_STD."<": metavalue detected, returning FALSE
at 0 ps, Instance /sift_cw/sift_x0/minima1_14bf128444/subsystem1_632ff6b114/relational7/ : Warning: NUMERIC_STD."<": metavalue detected, returning FALSE
at 0 ps, Instance /sift_cw/sift_x0/minima1_14bf128444/subsystem2_2a6c0a7987/relational/ : Warning: NUMERIC_STD."<": metavalue detected, returning FALSE
at 0 ps, Instance /sift_cw/sift_x0/minima1_14bf128444/subsystem2_2a6c0a7987/relational2/ : Warning: NUMERIC_STD."<": metavalue detected, returning FALSE
at 0 ps, Instance /sift_cw/sift_x0/minima1_14bf128444/subsystem2_2a6c0a7987/relational3/ : Warning: NUMERIC_STD."<": metavalue detected, returning FALSE
at 0 ps, Instance /sift_cw/sift_x0/minima1_14bf128444/subsystem2_2a6c0a7987/relational4/ : Warning: NUMERIC_STD."<": metavalue detected, returning FALSE
at 0 ps, Instance /sift_cw/sift_x0/minima1_14bf128444/subsystem2_2a6c0a7987/relational5/ : Warning: NUMERIC_STD."<": metavalue detected, returning FALSE
at 0 ps, Instance /sift_cw/sift_x0/minima1_14bf128444/subsystem2_2a6c0a7987/relational6/ : Warning: NUMERIC_STD."<": metavalue detected, returning FALSE
at 0 ps, Instance /sift_cw/sift_x0/minima1_14bf128444/subsystem2_2a6c0a7987/relational7/ : Warning: NUMERIC_STD."<": metavalue detected, returning FALSE
at 0 ps, Instance /sift_cw/sift_x0/minima1_14bf128444/subsystem2_2a6c0a7987/relational8/ : Warning: NUMERIC_STD."<": metavalue detected, returning FALSE
at 0 ps, Instance /sift_cw/sift_x0/minima1_14bf128444/subsystem2_2a6c0a7987/relational9/ : Warning: NUMERIC_STD."<": metavalue detected, returning FALSE
at 0 ps, Instance /sift_cw/sift_x0/minima1_14bf128444/subsystem_1998dcc4bb/relational/ : Warning: NUMERIC_STD."<": metavalue detected, returning FALSE
at 0 ps, Instance /sift_cw/sift_x0/minima1_14bf128444/subsystem_1998dcc4bb/relational1/ : Warning: NUMERIC_STD."<": metavalue detected, returning FALSE
at 0 ps, Instance /sift_cw/sift_x0/minima1_14bf128444/subsystem_1998dcc4bb/relational2/ : Warning: NUMERIC_STD."<": metavalue detected, returning FALSE
at 0 ps, Instance /sift_cw/sift_x0/minima1_14bf128444/subsystem_1998dcc4bb/relational3/ : Warning: NUMERIC_STD."<": metavalue detected, returning FALSE
at 0 ps, Instance /sift_cw/sift_x0/minima1_14bf128444/subsystem_1998dcc4bb/relational4/ : Warning: NUMERIC_STD."<": metavalue detected, returning FALSE
at 0 ps, Instance /sift_cw/sift_x0/minima1_14bf128444/subsystem_1998dcc4bb/relational5/ : Warning: NUMERIC_STD."<": metavalue detected, returning FALSE
at 0 ps, Instance /sift_cw/sift_x0/minima1_14bf128444/subsystem_1998dcc4bb/relational6/ : Warning: NUMERIC_STD."<": metavalue detected, returning FALSE
at 0 ps, Instance /sift_cw/sift_x0/minima1_14bf128444/subsystem_1998dcc4bb/relational7/ : Warning: NUMERIC_STD."<": metavalue detected, returning FALSE
at 0 ps, Instance /sift_cw/sift_x0/minima_704bc545e6/subsystem1_632ff6b114/relational1/ : Warning: NUMERIC_STD."<": metavalue detected, returning FALSE
at 0 ps, Instance /sift_cw/sift_x0/minima_704bc545e6/subsystem1_632ff6b114/relational2/ : Warning: NUMERIC_STD."<": metavalue detected, returning FALSE
at 0 ps, Instance /sift_cw/sift_x0/minima_704bc545e6/subsystem1_632ff6b114/relational3/ : Warning: NUMERIC_STD."<": metavalue detected, returning FALSE
at 0 ps, Instance /sift_cw/sift_x0/minima_704bc545e6/subsystem1_632ff6b114/relational4/ : Warning: NUMERIC_STD."<": metavalue detected, returning FALSE
at 0 ps, Instance /sift_cw/sift_x0/minima_704bc545e6/subsystem1_632ff6b114/relational5/ : Warning: NUMERIC_STD."<": metavalue detected, returning FALSE
at 0 ps, Instance /sift_cw/sift_x0/minima_704bc545e6/subsystem1_632ff6b114/relational6/ : Warning: NUMERIC_STD."<": metavalue detected, returning FALSE
at 0 ps, Instance /sift_cw/sift_x0/minima_704bc545e6/subsystem1_632ff6b114/relational7/ : Warning: NUMERIC_STD."<": metavalue detected, returning FALSE
at 0 ps, Instance /sift_cw/sift_x0/minima_704bc545e6/subsystem2_2a6c0a7987/relational/ : Warning: NUMERIC_STD."<": metavalue detected, returning FALSE
at 0 ps, Instance /sift_cw/sift_x0/minima_704bc545e6/subsystem2_2a6c0a7987/relational2/ : Warning: NUMERIC_STD."<": metavalue detected, returning FALSE
at 0 ps, Instance /sift_cw/sift_x0/minima_704bc545e6/subsystem2_2a6c0a7987/relational3/ : Warning: NUMERIC_STD."<": metavalue detected, returning FALSE
at 0 ps, Instance /sift_cw/sift_x0/minima_704bc545e6/subsystem2_2a6c0a7987/relational4/ : Warning: NUMERIC_STD."<": metavalue detected, returning FALSE
at 0 ps, Instance /sift_cw/sift_x0/minima_704bc545e6/subsystem2_2a6c0a7987/relational5/ : Warning: NUMERIC_STD."<": metavalue detected, returning FALSE
at 0 ps, Instance /sift_cw/sift_x0/minima_704bc545e6/subsystem2_2a6c0a7987/relational6/ : Warning: NUMERIC_STD."<": metavalue detected, returning FALSE
at 0 ps, Instance /sift_cw/sift_x0/minima_704bc545e6/subsystem2_2a6c0a7987/relational7/ : Warning: NUMERIC_STD."<": metavalue detected, returning FALSE
at 0 ps, Instance /sift_cw/sift_x0/minima_704bc545e6/subsystem2_2a6c0a7987/relational8/ : Warning: NUMERIC_STD."<": metavalue detected, returning FALSE
at 0 ps, Instance /sift_cw/sift_x0/minima_704bc545e6/subsystem2_2a6c0a7987/relational9/ : Warning: NUMERIC_STD."<": metavalue detected, returning FALSE
at 0 ps, Instance /sift_cw/sift_x0/minima_704bc545e6/subsystem_1998dcc4bb/relational/ : Warning: NUMERIC_STD."<": metavalue detected, returning FALSE
at 0 ps, Instance /sift_cw/sift_x0/minima_704bc545e6/subsystem_1998dcc4bb/relational1/ : Warning: NUMERIC_STD."<": metavalue detected, returning FALSE
at 0 ps, Instance /sift_cw/sift_x0/minima_704bc545e6/subsystem_1998dcc4bb/relational2/ : Warning: NUMERIC_STD."<": metavalue detected, returning FALSE
at 0 ps, Instance /sift_cw/sift_x0/minima_704bc545e6/subsystem_1998dcc4bb/relational3/ : Warning: NUMERIC_STD."<": metavalue detected, returning FALSE
at 0 ps, Instance /sift_cw/sift_x0/minima_704bc545e6/subsystem_1998dcc4bb/relational4/ : Warning: NUMERIC_STD."<": metavalue detected, returning FALSE
at 0 ps, Instance /sift_cw/sift_x0/minima_704bc545e6/subsystem_1998dcc4bb/relational5/ : Warning: NUMERIC_STD."<": metavalue detected, returning FALSE
at 0 ps, Instance /sift_cw/sift_x0/minima_704bc545e6/subsystem_1998dcc4bb/relational6/ : Warning: NUMERIC_STD."<": metavalue detected, returning FALSE
at 0 ps, Instance /sift_cw/sift_x0/minima_704bc545e6/subsystem_1998dcc4bb/relational7/ : Warning: NUMERIC_STD."<": metavalue detected, returning FALSE
at 0 ps, Instance /sift_cw/sift_x0/maxima1_905a1e75b5/subsystem1_d7c3e0e1a7/relational3/ : Warning: NUMERIC_STD.">": metavalue detected, returning FALSE
at 0 ps, Instance /sift_cw/sift_x0/maxima1_905a1e75b5/subsystem1_d7c3e0e1a7/relational6/ : Warning: NUMERIC_STD.">": metavalue detected, returning FALSE
at 0 ps, Instance /sift_cw/sift_x0/maxima1_905a1e75b5/subsystem2_9d437adc7b/relational4/ : Warning: NUMERIC_STD.">": metavalue detected, returning FALSE
at 0 ps, Instance /sift_cw/sift_x0/maxima1_905a1e75b5/subsystem2_9d437adc7b/relational7/ : Warning: NUMERIC_STD.">": metavalue detected, returning FALSE
at 0 ps, Instance /sift_cw/sift_x0/maxima1_905a1e75b5/subsystem_d161dbf7fc/relational2/ : Warning: NUMERIC_STD.">": metavalue detected, returning FALSE
at 0 ps, Instance /sift_cw/sift_x0/maxima1_905a1e75b5/subsystem_d161dbf7fc/relational5/ : Warning: NUMERIC_STD.">": metavalue detected, returning FALSE
at 0 ps, Instance /sift_cw/sift_x0/maxima_f36dca9fb9/subsystem1_d7c3e0e1a7/relational3/ : Warning: NUMERIC_STD.">": metavalue detected, returning FALSE
at 0 ps, Instance /sift_cw/sift_x0/maxima_f36dca9fb9/subsystem1_d7c3e0e1a7/relational6/ : Warning: NUMERIC_STD.">": metavalue detected, returning FALSE
at 0 ps, Instance /sift_cw/sift_x0/maxima_f36dca9fb9/subsystem2_9d437adc7b/relational4/ : Warning: NUMERIC_STD.">": metavalue detected, returning FALSE
at 0 ps, Instance /sift_cw/sift_x0/maxima_f36dca9fb9/subsystem2_9d437adc7b/relational7/ : Warning: NUMERIC_STD.">": metavalue detected, returning FALSE
at 0 ps, Instance /sift_cw/sift_x0/maxima_f36dca9fb9/subsystem_d161dbf7fc/relational2/ : Warning: NUMERIC_STD.">": metavalue detected, returning FALSE
at 0 ps, Instance /sift_cw/sift_x0/maxima_f36dca9fb9/subsystem_d161dbf7fc/relational5/ : Warning: NUMERIC_STD.">": metavalue detected, returning FALSE
at 0 ps, Instance /sift_cw/sift_x0/minima1_14bf128444/subsystem1_632ff6b114/relational3/ : Warning: NUMERIC_STD."<": metavalue detected, returning FALSE
at 0 ps, Instance /sift_cw/sift_x0/minima1_14bf128444/subsystem1_632ff6b114/relational6/ : Warning: NUMERIC_STD."<": metavalue detected, returning FALSE
at 0 ps, Instance /sift_cw/sift_x0/minima1_14bf128444/subsystem2_2a6c0a7987/relational4/ : Warning: NUMERIC_STD."<": metavalue detected, returning FALSE
at 0 ps, Instance /sift_cw/sift_x0/minima1_14bf128444/subsystem2_2a6c0a7987/relational7/ : Warning: NUMERIC_STD."<": metavalue detected, returning FALSE
at 0 ps, Instance /sift_cw/sift_x0/minima1_14bf128444/subsystem_1998dcc4bb/relational2/ : Warning: NUMERIC_STD."<": metavalue detected, returning FALSE
at 0 ps, Instance /sift_cw/sift_x0/minima1_14bf128444/subsystem_1998dcc4bb/relational5/ : Warning: NUMERIC_STD."<": metavalue detected, returning FALSE
at 0 ps, Instance /sift_cw/sift_x0/minima_704bc545e6/subsystem1_632ff6b114/relational3/ : Warning: NUMERIC_STD."<": metavalue detected, returning FALSE
at 0 ps, Instance /sift_cw/sift_x0/minima_704bc545e6/subsystem1_632ff6b114/relational6/ : Warning: NUMERIC_STD."<": metavalue detected, returning FALSE
at 0 ps, Instance /sift_cw/sift_x0/minima_704bc545e6/subsystem2_2a6c0a7987/relational4/ : Warning: NUMERIC_STD."<": metavalue detected, returning FALSE
at 0 ps, Instance /sift_cw/sift_x0/minima_704bc545e6/subsystem2_2a6c0a7987/relational7/ : Warning: NUMERIC_STD."<": metavalue detected, returning FALSE
at 0 ps, Instance /sift_cw/sift_x0/minima_704bc545e6/subsystem_1998dcc4bb/relational2/ : Warning: NUMERIC_STD."<": metavalue detected, returning FALSE
at 0 ps, Instance /sift_cw/sift_x0/minima_704bc545e6/subsystem_1998dcc4bb/relational5/ : Warning: NUMERIC_STD."<": metavalue detected, returning FALSE
# isim force add /sift_cw/gateway_in[7] 1 -radix bin -time 1 ps -value 0 -radix bin -time 51 ps -repeat 100 ps
ISim P.20131013 (signature 0x7708f090)
This is a Full version of ISim.
# run 1000 ns
Simulator is doing circuit initialization process.
at 0 ps, Instance /sift_cw/sift_x0/gaussian_filter1_59aae9082e/virtex_line_buffer_a29e816750/relational/ : Warning: NUMERIC_STD."=": metavalue detected, returning FALSE
at 0 ps, Instance /sift_cw/sift_x0/gaussian_filter2_360262754e/virtex_line_buffer_a29e816750/relational/ : Warning: NUMERIC_STD."=": metavalue detected, returning FALSE
at 0 ps, Instance /sift_cw/sift_x0/gaussian_filter3_ebf74f7686/virtex_line_buffer_a29e816750/relational/ : Warning: NUMERIC_STD."=": metavalue detected, returning FALSE
at 0 ps, Instance /sift_cw/sift_x0/gaussian_filter4_2106171b83/virtex_line_buffer_a29e816750/relational/ : Warning: NUMERIC_STD."=": metavalue detected, returning FALSE
at 0 ps, Instance /sift_cw/sift_x0/gaussian_filter5_7c41ae8701/virtex_line_buffer_a29e816750/relational/ : Warning: NUMERIC_STD."=": metavalue detected, returning FALSE
at 0 ps, Instance /sift_cw/sift_x0/gaussian_filter_75f41107d3/virtex_line_buffer_a29e816750/relational/ : Warning: NUMERIC_STD."=": metavalue detected, returning FALSE
at 0 ps, Instance /sift_cw/sift_x0/maxima1_905a1e75b5/subsystem1_d7c3e0e1a7/relational/ : Warning: NUMERIC_STD.">": metavalue detected, returning FALSE
at 0 ps, Instance /sift_cw/sift_x0/maxima1_905a1e75b5/subsystem1_d7c3e0e1a7/relational1/ : Warning: NUMERIC_STD.">": metavalue detected, returning FALSE
at 0 ps, Instance /sift_cw/sift_x0/maxima1_905a1e75b5/subsystem1_d7c3e0e1a7/relational2/ : Warning: NUMERIC_STD.">": metavalue detected, returning FALSE
at 0 ps, Instance /sift_cw/sift_x0/maxima1_905a1e75b5/subsystem1_d7c3e0e1a7/relational3/ : Warning: NUMERIC_STD.">": metavalue detected, returning FALSE
at 0 ps, Instance /sift_cw/sift_x0/maxima1_905a1e75b5/subsystem1_d7c3e0e1a7/relational4/ : Warning: NUMERIC_STD.">": metavalue detected, returning FALSE
at 0 ps, Instance /sift_cw/sift_x0/maxima1_905a1e75b5/subsystem1_d7c3e0e1a7/relational5/ : Warning: NUMERIC_STD.">": metavalue detected, returning FALSE
at 0 ps, Instance /sift_cw/sift_x0/maxima1_905a1e75b5/subsystem1_d7c3e0e1a7/relational6/ : Warning: NUMERIC_STD.">": metavalue detected, returning FALSE
at 0 ps, Instance /sift_cw/sift_x0/maxima1_905a1e75b5/subsystem1_d7c3e0e1a7/relational7/ : Warning: NUMERIC_STD.">": metavalue detected, returning FALSE
at 0 ps, Instance /sift_cw/sift_x0/maxima1_905a1e75b5/subsystem2_9d437adc7b/relational/ : Warning: NUMERIC_STD.">": metavalue detected, returning FALSE
at 0 ps, Instance /sift_cw/sift_x0/maxima1_905a1e75b5/subsystem2_9d437adc7b/relational1/ : Warning: NUMERIC_STD.">": metavalue detected, returning FALSE
at 0 ps, Instance /sift_cw/sift_x0/maxima1_905a1e75b5/subsystem2_9d437adc7b/relational2/ : Warning: NUMERIC_STD.">": metavalue detected, returning FALSE
at 0 ps, Instance /sift_cw/sift_x0/maxima1_905a1e75b5/subsystem2_9d437adc7b/relational3/ : Warning: NUMERIC_STD.">": metavalue detected, returning FALSE
at 0 ps, Instance /sift_cw/sift_x0/maxima1_905a1e75b5/subsystem2_9d437adc7b/relational4/ : Warning: NUMERIC_STD.">": metavalue detected, returning FALSE
at 0 ps, Instance /sift_cw/sift_x0/maxima1_905a1e75b5/subsystem2_9d437adc7b/relational5/ : Warning: NUMERIC_STD.">": metavalue detected, returning FALSE
at 0 ps, Instance /sift_cw/sift_x0/maxima1_905a1e75b5/subsystem2_9d437adc7b/relational6/ : Warning: NUMERIC_STD.">": metavalue detected, returning FALSE
at 0 ps, Instance /sift_cw/sift_x0/maxima1_905a1e75b5/subsystem2_9d437adc7b/relational7/ : Warning: NUMERIC_STD.">": metavalue detected, returning FALSE
at 0 ps, Instance /sift_cw/sift_x0/maxima1_905a1e75b5/subsystem2_9d437adc7b/relational8/ : Warning: NUMERIC_STD.">": metavalue detected, returning FALSE
at 0 ps, Instance /sift_cw/sift_x0/maxima1_905a1e75b5/subsystem2_9d437adc7b/relational9/ : Warning: NUMERIC_STD.">": metavalue detected, returning FALSE
at 0 ps, Instance /sift_cw/sift_x0/maxima1_905a1e75b5/subsystem_d161dbf7fc/relational/ : Warning: NUMERIC_STD.">": metavalue detected, returning FALSE
at 0 ps, Instance /sift_cw/sift_x0/maxima1_905a1e75b5/subsystem_d161dbf7fc/relational1/ : Warning: NUMERIC_STD.">": metavalue detected, returning FALSE
at 0 ps, Instance /sift_cw/sift_x0/maxima1_905a1e75b5/subsystem_d161dbf7fc/relational2/ : Warning: NUMERIC_STD.">": metavalue detected, returning FALSE
at 0 ps, Instance /sift_cw/sift_x0/maxima1_905a1e75b5/subsystem_d161dbf7fc/relational3/ : Warning: NUMERIC_STD.">": metavalue detected, returning FALSE
at 0 ps, Instance /sift_cw/sift_x0/maxima1_905a1e75b5/subsystem_d161dbf7fc/relational4/ : Warning: NUMERIC_STD.">": metavalue detected, returning FALSE
at 0 ps, Instance /sift_cw/sift_x0/maxima1_905a1e75b5/subsystem_d161dbf7fc/relational5/ : Warning: NUMERIC_STD.">": metavalue detected, returning FALSE
at 0 ps, Instance /sift_cw/sift_x0/maxima1_905a1e75b5/subsystem_d161dbf7fc/relational6/ : Warning: NUMERIC_STD.">": metavalue detected, returning FALSE
at 0 ps, Instance /sift_cw/sift_x0/maxima1_905a1e75b5/subsystem_d161dbf7fc/relational7/ : Warning: NUMERIC_STD.">": metavalue detected, returning FALSE
at 0 ps, Instance /sift_cw/sift_x0/maxima_f36dca9fb9/subsystem1_d7c3e0e1a7/relational/ : Warning: NUMERIC_STD.">": metavalue detected, returning FALSE
at 0 ps, Instance /sift_cw/sift_x0/maxima_f36dca9fb9/subsystem1_d7c3e0e1a7/relational1/ : Warning: NUMERIC_STD.">": metavalue detected, returning FALSE
at 0 ps, Instance /sift_cw/sift_x0/maxima_f36dca9fb9/subsystem1_d7c3e0e1a7/relational2/ : Warning: NUMERIC_STD.">": metavalue detected, returning FALSE
at 0 ps, Instance /sift_cw/sift_x0/maxima_f36dca9fb9/subsystem1_d7c3e0e1a7/relational3/ : Warning: NUMERIC_STD.">": metavalue detected, returning FALSE
at 0 ps, Instance /sift_cw/sift_x0/maxima_f36dca9fb9/subsystem1_d7c3e0e1a7/relational4/ : Warning: NUMERIC_STD.">": metavalue detected, returning FALSE
at 0 ps, Instance /sift_cw/sift_x0/maxima_f36dca9fb9/subsystem1_d7c3e0e1a7/relational5/ : Warning: NUMERIC_STD.">": metavalue detected, returning FALSE
at 0 ps, Instance /sift_cw/sift_x0/maxima_f36dca9fb9/subsystem1_d7c3e0e1a7/relational6/ : Warning: NUMERIC_STD.">": metavalue detected, returning FALSE
at 0 ps, Instance /sift_cw/sift_x0/maxima_f36dca9fb9/subsystem1_d7c3e0e1a7/relational7/ : Warning: NUMERIC_STD.">": metavalue detected, returning FALSE
at 0 ps, Instance /sift_cw/sift_x0/maxima_f36dca9fb9/subsystem2_9d437adc7b/relational/ : Warning: NUMERIC_STD.">": metavalue detected, returning FALSE
at 0 ps, Instance /sift_cw/sift_x0/maxima_f36dca9fb9/subsystem2_9d437adc7b/relational1/ : Warning: NUMERIC_STD.">": metavalue detected, returning FALSE
at 0 ps, Instance /sift_cw/sift_x0/maxima_f36dca9fb9/subsystem2_9d437adc7b/relational2/ : Warning: NUMERIC_STD.">": metavalue detected, returning FALSE
at 0 ps, Instance /sift_cw/sift_x0/maxima_f36dca9fb9/subsystem2_9d437adc7b/relational3/ : Warning: NUMERIC_STD.">": metavalue detected, returning FALSE
at 0 ps, Instance /sift_cw/sift_x0/maxima_f36dca9fb9/subsystem2_9d437adc7b/relational4/ : Warning: NUMERIC_STD.">": metavalue detected, returning FALSE
at 0 ps, Instance /sift_cw/sift_x0/maxima_f36dca9fb9/subsystem2_9d437adc7b/relational5/ : Warning: NUMERIC_STD.">": metavalue detected, returning FALSE
at 0 ps, Instance /sift_cw/sift_x0/maxima_f36dca9fb9/subsystem2_9d437adc7b/relational6/ : Warning: NUMERIC_STD.">": metavalue detected, returning FALSE
at 0 ps, Instance /sift_cw/sift_x0/maxima_f36dca9fb9/subsystem2_9d437adc7b/relational7/ : Warning: NUMERIC_STD.">": metavalue detected, returning FALSE
at 0 ps, Instance /sift_cw/sift_x0/maxima_f36dca9fb9/subsystem2_9d437adc7b/relational8/ : Warning: NUMERIC_STD.">": metavalue detected, returning FALSE
at 0 ps, Instance /sift_cw/sift_x0/maxima_f36dca9fb9/subsystem2_9d437adc7b/relational9/ : Warning: NUMERIC_STD.">": metavalue detected, returning FALSE
at 0 ps, Instance /sift_cw/sift_x0/maxima_f36dca9fb9/subsystem_d161dbf7fc/relational/ : Warning: NUMERIC_STD.">": metavalue detected, returning FALSE
at 0 ps, Instance /sift_cw/sift_x0/maxima_f36dca9fb9/subsystem_d161dbf7fc/relational1/ : Warning: NUMERIC_STD.">": metavalue detected, returning FALSE
at 0 ps, Instance /sift_cw/sift_x0/maxima_f36dca9fb9/subsystem_d161dbf7fc/relational2/ : Warning: NUMERIC_STD.">": metavalue detected, returning FALSE
at 0 ps, Instance /sift_cw/sift_x0/maxima_f36dca9fb9/subsystem_d161dbf7fc/relational3/ : Warning: NUMERIC_STD.">": metavalue detected, returning FALSE
at 0 ps, Instance /sift_cw/sift_x0/maxima_f36dca9fb9/subsystem_d161dbf7fc/relational4/ : Warning: NUMERIC_STD.">": metavalue detected, returning FALSE
at 0 ps, Instance /sift_cw/sift_x0/maxima_f36dca9fb9/subsystem_d161dbf7fc/relational5/ : Warning: NUMERIC_STD.">": metavalue detected, returning FALSE
at 0 ps, Instance /sift_cw/sift_x0/maxima_f36dca9fb9/subsystem_d161dbf7fc/relational6/ : Warning: NUMERIC_STD.">": metavalue detected, returning FALSE
at 0 ps, Instance /sift_cw/sift_x0/maxima_f36dca9fb9/subsystem_d161dbf7fc/relational7/ : Warning: NUMERIC_STD.">": metavalue detected, returning FALSE
at 0 ps, Instance /sift_cw/sift_x0/minima1_14bf128444/subsystem1_632ff6b114/relational/ : Warning: NUMERIC_STD."<": metavalue detected, returning FALSE
at 0 ps, Instance /sift_cw/sift_x0/minima1_14bf128444/subsystem1_632ff6b114/relational1/ : Warning: NUMERIC_STD."<": metavalue detected, returning FALSE
at 0 ps, Instance /sift_cw/sift_x0/minima1_14bf128444/subsystem1_632ff6b114/relational2/ : Warning: NUMERIC_STD."<": metavalue detected, returning FALSE
at 0 ps, Instance /sift_cw/sift_x0/minima1_14bf128444/subsystem1_632ff6b114/relational3/ : Warning: NUMERIC_STD."<": metavalue detected, returning FALSE
at 0 ps, Instance /sift_cw/sift_x0/minima1_14bf128444/subsystem1_632ff6b114/relational4/ : Warning: NUMERIC_STD."<": metavalue detected, returning FALSE
at 0 ps, Instance /sift_cw/sift_x0/minima1_14bf128444/subsystem1_632ff6b114/relational5/ : Warning: NUMERIC_STD."<": metavalue detected, returning FALSE
at 0 ps, Instance /sift_cw/sift_x0/minima1_14bf128444/subsystem1_632ff6b114/relational6/ : Warning: NUMERIC_STD."<": metavalue detected, returning FALSE
at 0 ps, Instance /sift_cw/sift_x0/minima1_14bf128444/subsystem1_632ff6b114/relational7/ : Warning: NUMERIC_STD."<": metavalue detected, returning FALSE
at 0 ps, Instance /sift_cw/sift_x0/minima1_14bf128444/subsystem2_2a6c0a7987/relational/ : Warning: NUMERIC_STD."<": metavalue detected, returning FALSE
at 0 ps, Instance /sift_cw/sift_x0/minima1_14bf128444/subsystem2_2a6c0a7987/relational1/ : Warning: NUMERIC_STD."<": metavalue detected, returning FALSE
at 0 ps, Instance /sift_cw/sift_x0/minima1_14bf128444/subsystem2_2a6c0a7987/relational2/ : Warning: NUMERIC_STD."<": metavalue detected, returning FALSE
at 0 ps, Instance /sift_cw/sift_x0/minima1_14bf128444/subsystem2_2a6c0a7987/relational3/ : Warning: NUMERIC_STD."<": metavalue detected, returning FALSE
at 0 ps, Instance /sift_cw/sift_x0/minima1_14bf128444/subsystem2_2a6c0a7987/relational4/ : Warning: NUMERIC_STD."<": metavalue detected, returning FALSE
at 0 ps, Instance /sift_cw/sift_x0/minima1_14bf128444/subsystem2_2a6c0a7987/relational5/ : Warning: NUMERIC_STD."<": metavalue detected, returning FALSE
at 0 ps, Instance /sift_cw/sift_x0/minima1_14bf128444/subsystem2_2a6c0a7987/relational6/ : Warning: NUMERIC_STD."<": metavalue detected, returning FALSE
at 0 ps, Instance /sift_cw/sift_x0/minima1_14bf128444/subsystem2_2a6c0a7987/relational7/ : Warning: NUMERIC_STD."<": metavalue detected, returning FALSE
at 0 ps, Instance /sift_cw/sift_x0/minima1_14bf128444/subsystem2_2a6c0a7987/relational8/ : Warning: NUMERIC_STD."<": metavalue detected, returning FALSE
at 0 ps, Instance /sift_cw/sift_x0/minima1_14bf128444/subsystem2_2a6c0a7987/relational9/ : Warning: NUMERIC_STD."<": metavalue detected, returning FALSE
at 0 ps, Instance /sift_cw/sift_x0/minima1_14bf128444/subsystem_1998dcc4bb/relational/ : Warning: NUMERIC_STD."<": metavalue detected, returning FALSE
at 0 ps, Instance /sift_cw/sift_x0/minima1_14bf128444/subsystem_1998dcc4bb/relational1/ : Warning: NUMERIC_STD."<": metavalue detected, returning FALSE
at 0 ps, Instance /sift_cw/sift_x0/minima1_14bf128444/subsystem_1998dcc4bb/relational2/ : Warning: NUMERIC_STD."<": metavalue detected, returning FALSE
at 0 ps, Instance /sift_cw/sift_x0/minima1_14bf128444/subsystem_1998dcc4bb/relational3/ : Warning: NUMERIC_STD."<": metavalue detected, returning FALSE
at 0 ps, Instance /sift_cw/sift_x0/minima1_14bf128444/subsystem_1998dcc4bb/relational4/ : Warning: NUMERIC_STD."<": metavalue detected, returning FALSE
at 0 ps, Instance /sift_cw/sift_x0/minima1_14bf128444/subsystem_1998dcc4bb/relational5/ : Warning: NUMERIC_STD."<": metavalue detected, returning FALSE
at 0 ps, Instance /sift_cw/sift_x0/minima1_14bf128444/subsystem_1998dcc4bb/relational6/ : Warning: NUMERIC_STD."<": metavalue detected, returning FALSE
at 0 ps, Instance /sift_cw/sift_x0/minima1_14bf128444/subsystem_1998dcc4bb/relational7/ : Warning: NUMERIC_STD."<": metavalue detected, returning FALSE
at 0 ps, Instance /sift_cw/sift_x0/minima_704bc545e6/subsystem1_632ff6b114/relational/ : Warning: NUMERIC_STD."<": metavalue detected, returning FALSE
at 0 ps, Instance /sift_cw/sift_x0/minima_704bc545e6/subsystem1_632ff6b114/relational1/ : Warning: NUMERIC_STD."<": metavalue detected, returning FALSE
at 0 ps, Instance /sift_cw/sift_x0/minima_704bc545e6/subsystem1_632ff6b114/relational2/ : Warning: NUMERIC_STD."<": metavalue detected, returning FALSE
at 0 ps, Instance /sift_cw/sift_x0/minima_704bc545e6/subsystem1_632ff6b114/relational3/ : Warning: NUMERIC_STD."<": metavalue detected, returning FALSE
at 0 ps, Instance /sift_cw/sift_x0/minima_704bc545e6/subsystem1_632ff6b114/relational4/ : Warning: NUMERIC_STD."<": metavalue detected, returning FALSE
at 0 ps, Instance /sift_cw/sift_x0/minima_704bc545e6/subsystem1_632ff6b114/relational5/ : Warning: NUMERIC_STD."<": metavalue detected, returning FALSE
at 0 ps, Instance /sift_cw/sift_x0/minima_704bc545e6/subsystem1_632ff6b114/relational6/ : Warning: NUMERIC_STD."<": metavalue detected, returning FALSE
at 0 ps, Instance /sift_cw/sift_x0/minima_704bc545e6/subsystem1_632ff6b114/relational7/ : Warning: NUMERIC_STD."<": metavalue detected, returning FALSE
at 0 ps, Instance /sift_cw/sift_x0/minima_704bc545e6/subsystem2_2a6c0a7987/relational/ : Warning: NUMERIC_STD."<": metavalue detected, returning FALSE
at 0 ps, Instance /sift_cw/sift_x0/minima_704bc545e6/subsystem2_2a6c0a7987/relational1/ : Warning: NUMERIC_STD."<": metavalue detected, returning FALSE
at 0 ps, Instance /sift_cw/sift_x0/minima_704bc545e6/subsystem2_2a6c0a7987/relational2/ : Warning: NUMERIC_STD."<": metavalue detected, returning FALSE
at 0 ps, Instance /sift_cw/sift_x0/minima_704bc545e6/subsystem2_2a6c0a7987/relational3/ : Warning: NUMERIC_STD."<": metavalue detected, returning FALSE
at 0 ps, Instance /sift_cw/sift_x0/minima_704bc545e6/subsystem2_2a6c0a7987/relational4/ : Warning: NUMERIC_STD."<": metavalue detected, returning FALSE
at 0 ps, Instance /sift_cw/sift_x0/minima_704bc545e6/subsystem2_2a6c0a7987/relational5/ : Warning: NUMERIC_STD."<": metavalue detected, returning FALSE
at 0 ps, Instance /sift_cw/sift_x0/minima_704bc545e6/subsystem2_2a6c0a7987/relational6/ : Warning: NUMERIC_STD."<": metavalue detected, returning FALSE
at 0 ps, Instance /sift_cw/sift_x0/minima_704bc545e6/subsystem2_2a6c0a7987/relational7/ : Warning: NUMERIC_STD."<": metavalue detected, returning FALSE
at 0 ps, Instance /sift_cw/sift_x0/minima_704bc545e6/subsystem2_2a6c0a7987/relational8/ : Warning: NUMERIC_STD."<": metavalue detected, returning FALSE
at 0 ps, Instance /sift_cw/sift_x0/minima_704bc545e6/subsystem2_2a6c0a7987/relational9/ : Warning: NUMERIC_STD."<": metavalue detected, returning FALSE
at 0 ps, Instance /sift_cw/sift_x0/minima_704bc545e6/subsystem_1998dcc4bb/relational/ : Warning: NUMERIC_STD."<": metavalue detected, returning FALSE
at 0 ps, Instance /sift_cw/sift_x0/minima_704bc545e6/subsystem_1998dcc4bb/relational1/ : Warning: NUMERIC_STD."<": metavalue detected, returning FALSE
at 0 ps, Instance /sift_cw/sift_x0/minima_704bc545e6/subsystem_1998dcc4bb/relational2/ : Warning: NUMERIC_STD."<": metavalue detected, returning FALSE
at 0 ps, Instance /sift_cw/sift_x0/minima_704bc545e6/subsystem_1998dcc4bb/relational3/ : Warning: NUMERIC_STD."<": metavalue detected, returning FALSE
at 0 ps, Instance /sift_cw/sift_x0/minima_704bc545e6/subsystem_1998dcc4bb/relational4/ : Warning: NUMERIC_STD."<": metavalue detected, returning FALSE
at 0 ps, Instance /sift_cw/sift_x0/minima_704bc545e6/subsystem_1998dcc4bb/relational5/ : Warning: NUMERIC_STD."<": metavalue detected, returning FALSE
at 0 ps, Instance /sift_cw/sift_x0/minima_704bc545e6/subsystem_1998dcc4bb/relational6/ : Warning: NUMERIC_STD."<": metavalue detected, returning FALSE
at 0 ps, Instance /sift_cw/sift_x0/minima_704bc545e6/subsystem_1998dcc4bb/relational7/ : Warning: NUMERIC_STD."<": metavalue detected, returning FALSE
at 0 ps, Instance /sift_cw/sift_x0/window_generator1_77d7170cd1/virtex_line_buffer1_716e9e469b/relational/ : Warning: NUMERIC_STD."=": metavalue detected, returning FALSE
at 0 ps, Instance /sift_cw/sift_x0/window_generator1_77d7170cd1/virtex_line_buffer_16e10a05b3/relational/ : Warning: NUMERIC_STD."=": metavalue detected, returning FALSE
at 0 ps, Instance /sift_cw/sift_x0/window_generator2_5df1ec7872/virtex_line_buffer1_716e9e469b/relational/ : Warning: NUMERIC_STD."=": metavalue detected, returning FALSE
at 0 ps, Instance /sift_cw/sift_x0/window_generator2_5df1ec7872/virtex_line_buffer_16e10a05b3/relational/ : Warning: NUMERIC_STD."=": metavalue detected, returning FALSE
at 0 ps, Instance /sift_cw/sift_x0/window_generator3_a4dba0e85a/virtex_line_buffer1_716e9e469b/relational/ : Warning: NUMERIC_STD."=": metavalue detected, returning FALSE
at 0 ps, Instance /sift_cw/sift_x0/window_generator3_a4dba0e85a/virtex_line_buffer_16e10a05b3/relational/ : Warning: NUMERIC_STD."=": metavalue detected, returning FALSE
at 0 ps, Instance /sift_cw/sift_x0/window_generator4_1238959b71/virtex_line_buffer1_716e9e469b/relational/ : Warning: NUMERIC_STD."=": metavalue detected, returning FALSE
at 0 ps, Instance /sift_cw/sift_x0/window_generator4_1238959b71/virtex_line_buffer_16e10a05b3/relational/ : Warning: NUMERIC_STD."=": metavalue detected, returning FALSE
at 0 ps, Instance /sift_cw/sift_x0/window_generator_68334b248c/virtex_line_buffer1_716e9e469b/relational/ : Warning: NUMERIC_STD."=": metavalue detected, returning FALSE
at 0 ps, Instance /sift_cw/sift_x0/window_generator_68334b248c/virtex_line_buffer_16e10a05b3/relational/ : Warning: NUMERIC_STD."=": metavalue detected, returning FALSE
Finished circuit initialization process.
at 0 ps, Instance /sift_cw/sift_x0/gaussian_filter1_59aae9082e/subsystem_831c6341cb/cmult/comp0/core_instance0/U0/ : Warning: There is an 'U'|'X'|'W'|'Z'|'-' in an arithmetic operand, the result will be 'X'(es).
at 0 ps, Instance /sift_cw/sift_x0/gaussian_filter1_59aae9082e/virtex_line_buffer_a29e816750/relational/ : Warning: NUMERIC_STD."=": metavalue detected, returning FALSE
at 0 ps, Instance /sift_cw/sift_x0/gaussian_filter2_360262754e/virtex_line_buffer_a29e816750/relational/ : Warning: NUMERIC_STD."=": metavalue detected, returning FALSE
at 0 ps, Instance /sift_cw/sift_x0/gaussian_filter3_ebf74f7686/virtex_line_buffer_a29e816750/relational/ : Warning: NUMERIC_STD."=": metavalue detected, returning FALSE
at 0 ps, Instance /sift_cw/sift_x0/gaussian_filter4_2106171b83/virtex_line_buffer_a29e816750/relational/ : Warning: NUMERIC_STD."=": metavalue detected, returning FALSE
at 0 ps, Instance /sift_cw/sift_x0/gaussian_filter5_7c41ae8701/virtex_line_buffer_a29e816750/relational/ : Warning: NUMERIC_STD."=": metavalue detected, returning FALSE
at 0 ps, Instance /sift_cw/sift_x0/gaussian_filter_75f41107d3/virtex_line_buffer_a29e816750/relational/ : Warning: NUMERIC_STD."=": metavalue detected, returning FALSE
at 0 ps, Instance /sift_cw/sift_x0/window_generator1_77d7170cd1/virtex_line_buffer1_716e9e469b/relational/ : Warning: NUMERIC_STD."=": metavalue detected, returning FALSE
at 0 ps, Instance /sift_cw/sift_x0/window_generator1_77d7170cd1/virtex_line_buffer_16e10a05b3/relational/ : Warning: NUMERIC_STD."=": metavalue detected, returning FALSE
at 0 ps, Instance /sift_cw/sift_x0/window_generator2_5df1ec7872/virtex_line_buffer1_716e9e469b/relational/ : Warning: NUMERIC_STD."=": metavalue detected, returning FALSE
at 0 ps, Instance /sift_cw/sift_x0/window_generator2_5df1ec7872/virtex_line_buffer_16e10a05b3/relational/ : Warning: NUMERIC_STD."=": metavalue detected, returning FALSE
at 0 ps, Instance /sift_cw/sift_x0/window_generator3_a4dba0e85a/virtex_line_buffer1_716e9e469b/relational/ : Warning: NUMERIC_STD."=": metavalue detected, returning FALSE
at 0 ps, Instance /sift_cw/sift_x0/window_generator3_a4dba0e85a/virtex_line_buffer_16e10a05b3/relational/ : Warning: NUMERIC_STD."=": metavalue detected, returning FALSE
at 0 ps, Instance /sift_cw/sift_x0/window_generator4_1238959b71/virtex_line_buffer1_716e9e469b/relational/ : Warning: NUMERIC_STD."=": metavalue detected, returning FALSE
at 0 ps, Instance /sift_cw/sift_x0/window_generator4_1238959b71/virtex_line_buffer_16e10a05b3/relational/ : Warning: NUMERIC_STD."=": metavalue detected, returning FALSE
at 0 ps, Instance /sift_cw/sift_x0/window_generator_68334b248c/virtex_line_buffer1_716e9e469b/relational/ : Warning: NUMERIC_STD."=": metavalue detected, returning FALSE
at 0 ps, Instance /sift_cw/sift_x0/window_generator_68334b248c/virtex_line_buffer_16e10a05b3/relational/ : Warning: NUMERIC_STD."=": metavalue detected, returning FALSE
at 0 ps, Instance /sift_cw/sift_x0/maxima1_905a1e75b5/subsystem1_d7c3e0e1a7/relational1/ : Warning: NUMERIC_STD.">": metavalue detected, returning FALSE
at 0 ps, Instance /sift_cw/sift_x0/maxima1_905a1e75b5/subsystem1_d7c3e0e1a7/relational2/ : Warning: NUMERIC_STD.">": metavalue detected, returning FALSE
at 0 ps, Instance /sift_cw/sift_x0/maxima1_905a1e75b5/subsystem1_d7c3e0e1a7/relational3/ : Warning: NUMERIC_STD.">": metavalue detected, returning FALSE
at 0 ps, Instance /sift_cw/sift_x0/maxima1_905a1e75b5/subsystem1_d7c3e0e1a7/relational4/ : Warning: NUMERIC_STD.">": metavalue detected, returning FALSE
at 0 ps, Instance /sift_cw/sift_x0/maxima1_905a1e75b5/subsystem1_d7c3e0e1a7/relational5/ : Warning: NUMERIC_STD.">": metavalue detected, returning FALSE
at 0 ps, Instance /sift_cw/sift_x0/maxima1_905a1e75b5/subsystem1_d7c3e0e1a7/relational6/ : Warning: NUMERIC_STD.">": metavalue detected, returning FALSE
at 0 ps, Instance /sift_cw/sift_x0/maxima1_905a1e75b5/subsystem1_d7c3e0e1a7/relational7/ : Warning: NUMERIC_STD.">": metavalue detected, returning FALSE
at 0 ps, Instance /sift_cw/sift_x0/maxima1_905a1e75b5/subsystem2_9d437adc7b/relational/ : Warning: NUMERIC_STD.">": metavalue detected, returning FALSE
at 0 ps, Instance /sift_cw/sift_x0/maxima1_905a1e75b5/subsystem2_9d437adc7b/relational2/ : Warning: NUMERIC_STD.">": metavalue detected, returning FALSE
at 0 ps, Instance /sift_cw/sift_x0/maxima1_905a1e75b5/subsystem2_9d437adc7b/relational3/ : Warning: NUMERIC_STD.">": metavalue detected, returning FALSE
at 0 ps, Instance /sift_cw/sift_x0/maxima1_905a1e75b5/subsystem2_9d437adc7b/relational4/ : Warning: NUMERIC_STD.">": metavalue detected, returning FALSE
at 0 ps, Instance /sift_cw/sift_x0/maxima1_905a1e75b5/subsystem2_9d437adc7b/relational5/ : Warning: NUMERIC_STD.">": metavalue detected, returning FALSE
at 0 ps, Instance /sift_cw/sift_x0/maxima1_905a1e75b5/subsystem2_9d437adc7b/relational6/ : Warning: NUMERIC_STD.">": metavalue detected, returning FALSE
at 0 ps, Instance /sift_cw/sift_x0/maxima1_905a1e75b5/subsystem2_9d437adc7b/relational7/ : Warning: NUMERIC_STD.">": metavalue detected, returning FALSE
at 0 ps, Instance /sift_cw/sift_x0/maxima1_905a1e75b5/subsystem2_9d437adc7b/relational8/ : Warning: NUMERIC_STD.">": metavalue detected, returning FALSE
at 0 ps, Instance /sift_cw/sift_x0/maxima1_905a1e75b5/subsystem2_9d437adc7b/relational9/ : Warning: NUMERIC_STD.">": metavalue detected, returning FALSE
at 0 ps, Instance /sift_cw/sift_x0/maxima1_905a1e75b5/subsystem_d161dbf7fc/relational/ : Warning: NUMERIC_STD.">": metavalue detected, returning FALSE
at 0 ps, Instance /sift_cw/sift_x0/maxima1_905a1e75b5/subsystem_d161dbf7fc/relational1/ : Warning: NUMERIC_STD.">": metavalue detected, returning FALSE
at 0 ps, Instance /sift_cw/sift_x0/maxima1_905a1e75b5/subsystem_d161dbf7fc/relational2/ : Warning: NUMERIC_STD.">": metavalue detected, returning FALSE
at 0 ps, Instance /sift_cw/sift_x0/maxima1_905a1e75b5/subsystem_d161dbf7fc/relational3/ : Warning: NUMERIC_STD.">": metavalue detected, returning FALSE
at 0 ps, Instance /sift_cw/sift_x0/maxima1_905a1e75b5/subsystem_d161dbf7fc/relational4/ : Warning: NUMERIC_STD.">": metavalue detected, returning FALSE
at 0 ps, Instance /sift_cw/sift_x0/maxima1_905a1e75b5/subsystem_d161dbf7fc/relational5/ : Warning: NUMERIC_STD.">": metavalue detected, returning FALSE
at 0 ps, Instance /sift_cw/sift_x0/maxima1_905a1e75b5/subsystem_d161dbf7fc/relational6/ : Warning: NUMERIC_STD.">": metavalue detected, returning FALSE
at 0 ps, Instance /sift_cw/sift_x0/maxima1_905a1e75b5/subsystem_d161dbf7fc/relational7/ : Warning: NUMERIC_STD.">": metavalue detected, returning FALSE
at 0 ps, Instance /sift_cw/sift_x0/maxima_f36dca9fb9/subsystem1_d7c3e0e1a7/relational1/ : Warning: NUMERIC_STD.">": metavalue detected, returning FALSE
at 0 ps, Instance /sift_cw/sift_x0/maxima_f36dca9fb9/subsystem1_d7c3e0e1a7/relational2/ : Warning: NUMERIC_STD.">": metavalue detected, returning FALSE
at 0 ps, Instance /sift_cw/sift_x0/maxima_f36dca9fb9/subsystem1_d7c3e0e1a7/relational3/ : Warning: NUMERIC_STD.">": metavalue detected, returning FALSE
at 0 ps, Instance /sift_cw/sift_x0/maxima_f36dca9fb9/subsystem1_d7c3e0e1a7/relational4/ : Warning: NUMERIC_STD.">": metavalue detected, returning FALSE
at 0 ps, Instance /sift_cw/sift_x0/maxima_f36dca9fb9/subsystem1_d7c3e0e1a7/relational5/ : Warning: NUMERIC_STD.">": metavalue detected, returning FALSE
at 0 ps, Instance /sift_cw/sift_x0/maxima_f36dca9fb9/subsystem1_d7c3e0e1a7/relational6/ : Warning: NUMERIC_STD.">": metavalue detected, returning FALSE
at 0 ps, Instance /sift_cw/sift_x0/maxima_f36dca9fb9/subsystem1_d7c3e0e1a7/relational7/ : Warning: NUMERIC_STD.">": metavalue detected, returning FALSE
at 0 ps, Instance /sift_cw/sift_x0/maxima_f36dca9fb9/subsystem2_9d437adc7b/relational/ : Warning: NUMERIC_STD.">": metavalue detected, returning FALSE
at 0 ps, Instance /sift_cw/sift_x0/maxima_f36dca9fb9/subsystem2_9d437adc7b/relational2/ : Warning: NUMERIC_STD.">": metavalue detected, returning FALSE
at 0 ps, Instance /sift_cw/sift_x0/maxima_f36dca9fb9/subsystem2_9d437adc7b/relational3/ : Warning: NUMERIC_STD.">": metavalue detected, returning FALSE
at 0 ps, Instance /sift_cw/sift_x0/maxima_f36dca9fb9/subsystem2_9d437adc7b/relational4/ : Warning: NUMERIC_STD.">": metavalue detected, returning FALSE
at 0 ps, Instance /sift_cw/sift_x0/maxima_f36dca9fb9/subsystem2_9d437adc7b/relational5/ : Warning: NUMERIC_STD.">": metavalue detected, returning FALSE
at 0 ps, Instance /sift_cw/sift_x0/maxima_f36dca9fb9/subsystem2_9d437adc7b/relational6/ : Warning: NUMERIC_STD.">": metavalue detected, returning FALSE
at 0 ps, Instance /sift_cw/sift_x0/maxima_f36dca9fb9/subsystem2_9d437adc7b/relational7/ : Warning: NUMERIC_STD.">": metavalue detected, returning FALSE
at 0 ps, Instance /sift_cw/sift_x0/maxima_f36dca9fb9/subsystem2_9d437adc7b/relational8/ : Warning: NUMERIC_STD.">": metavalue detected, returning FALSE
at 0 ps, Instance /sift_cw/sift_x0/maxima_f36dca9fb9/subsystem2_9d437adc7b/relational9/ : Warning: NUMERIC_STD.">": metavalue detected, returning FALSE
at 0 ps, Instance /sift_cw/sift_x0/maxima_f36dca9fb9/subsystem_d161dbf7fc/relational/ : Warning: NUMERIC_STD.">": metavalue detected, returning FALSE
at 0 ps, Instance /sift_cw/sift_x0/maxima_f36dca9fb9/subsystem_d161dbf7fc/relational1/ : Warning: NUMERIC_STD.">": metavalue detected, returning FALSE
at 0 ps, Instance /sift_cw/sift_x0/maxima_f36dca9fb9/subsystem_d161dbf7fc/relational2/ : Warning: NUMERIC_STD.">": metavalue detected, returning FALSE
at 0 ps, Instance /sift_cw/sift_x0/maxima_f36dca9fb9/subsystem_d161dbf7fc/relational3/ : Warning: NUMERIC_STD.">": metavalue detected, returning FALSE
at 0 ps, Instance /sift_cw/sift_x0/maxima_f36dca9fb9/subsystem_d161dbf7fc/relational4/ : Warning: NUMERIC_STD.">": metavalue detected, returning FALSE
at 0 ps, Instance /sift_cw/sift_x0/maxima_f36dca9fb9/subsystem_d161dbf7fc/relational5/ : Warning: NUMERIC_STD.">": metavalue detected, returning FALSE
at 0 ps, Instance /sift_cw/sift_x0/maxima_f36dca9fb9/subsystem_d161dbf7fc/relational6/ : Warning: NUMERIC_STD.">": metavalue detected, returning FALSE
at 0 ps, Instance /sift_cw/sift_x0/maxima_f36dca9fb9/subsystem_d161dbf7fc/relational7/ : Warning: NUMERIC_STD.">": metavalue detected, returning FALSE
at 0 ps, Instance /sift_cw/sift_x0/minima1_14bf128444/subsystem1_632ff6b114/relational1/ : Warning: NUMERIC_STD."<": metavalue detected, returning FALSE
at 0 ps, Instance /sift_cw/sift_x0/minima1_14bf128444/subsystem1_632ff6b114/relational2/ : Warning: NUMERIC_STD."<": metavalue detected, returning FALSE
at 0 ps, Instance /sift_cw/sift_x0/minima1_14bf128444/subsystem1_632ff6b114/relational3/ : Warning: NUMERIC_STD."<": metavalue detected, returning FALSE
at 0 ps, Instance /sift_cw/sift_x0/minima1_14bf128444/subsystem1_632ff6b114/relational4/ : Warning: NUMERIC_STD."<": metavalue detected, returning FALSE
at 0 ps, Instance /sift_cw/sift_x0/minima1_14bf128444/subsystem1_632ff6b114/relational5/ : Warning: NUMERIC_STD."<": metavalue detected, returning FALSE
at 0 ps, Instance /sift_cw/sift_x0/minima1_14bf128444/subsystem1_632ff6b114/relational6/ : Warning: NUMERIC_STD."<": metavalue detected, returning FALSE
at 0 ps, Instance /sift_cw/sift_x0/minima1_14bf128444/subsystem1_632ff6b114/relational7/ : Warning: NUMERIC_STD."<": metavalue detected, returning FALSE
at 0 ps, Instance /sift_cw/sift_x0/minima1_14bf128444/subsystem2_2a6c0a7987/relational/ : Warning: NUMERIC_STD."<": metavalue detected, returning FALSE
at 0 ps, Instance /sift_cw/sift_x0/minima1_14bf128444/subsystem2_2a6c0a7987/relational2/ : Warning: NUMERIC_STD."<": metavalue detected, returning FALSE
at 0 ps, Instance /sift_cw/sift_x0/minima1_14bf128444/subsystem2_2a6c0a7987/relational3/ : Warning: NUMERIC_STD."<": metavalue detected, returning FALSE
at 0 ps, Instance /sift_cw/sift_x0/minima1_14bf128444/subsystem2_2a6c0a7987/relational4/ : Warning: NUMERIC_STD."<": metavalue detected, returning FALSE
at 0 ps, Instance /sift_cw/sift_x0/minima1_14bf128444/subsystem2_2a6c0a7987/relational5/ : Warning: NUMERIC_STD."<": metavalue detected, returning FALSE
at 0 ps, Instance /sift_cw/sift_x0/minima1_14bf128444/subsystem2_2a6c0a7987/relational6/ : Warning: NUMERIC_STD."<": metavalue detected, returning FALSE
at 0 ps, Instance /sift_cw/sift_x0/minima1_14bf128444/subsystem2_2a6c0a7987/relational7/ : Warning: NUMERIC_STD."<": metavalue detected, returning FALSE
at 0 ps, Instance /sift_cw/sift_x0/minima1_14bf128444/subsystem2_2a6c0a7987/relational8/ : Warning: NUMERIC_STD."<": metavalue detected, returning FALSE
at 0 ps, Instance /sift_cw/sift_x0/minima1_14bf128444/subsystem2_2a6c0a7987/relational9/ : Warning: NUMERIC_STD."<": metavalue detected, returning FALSE
at 0 ps, Instance /sift_cw/sift_x0/minima1_14bf128444/subsystem_1998dcc4bb/relational/ : Warning: NUMERIC_STD."<": metavalue detected, returning FALSE
at 0 ps, Instance /sift_cw/sift_x0/minima1_14bf128444/subsystem_1998dcc4bb/relational1/ : Warning: NUMERIC_STD."<": metavalue detected, returning FALSE
at 0 ps, Instance /sift_cw/sift_x0/minima1_14bf128444/subsystem_1998dcc4bb/relational2/ : Warning: NUMERIC_STD."<": metavalue detected, returning FALSE
at 0 ps, Instance /sift_cw/sift_x0/minima1_14bf128444/subsystem_1998dcc4bb/relational3/ : Warning: NUMERIC_STD."<": metavalue detected, returning FALSE
at 0 ps, Instance /sift_cw/sift_x0/minima1_14bf128444/subsystem_1998dcc4bb/relational4/ : Warning: NUMERIC_STD."<": metavalue detected, returning FALSE
at 0 ps, Instance /sift_cw/sift_x0/minima1_14bf128444/subsystem_1998dcc4bb/relational5/ : Warning: NUMERIC_STD."<": metavalue detected, returning FALSE
at 0 ps, Instance /sift_cw/sift_x0/minima1_14bf128444/subsystem_1998dcc4bb/relational6/ : Warning: NUMERIC_STD."<": metavalue detected, returning FALSE
at 0 ps, Instance /sift_cw/sift_x0/minima1_14bf128444/subsystem_1998dcc4bb/relational7/ : Warning: NUMERIC_STD."<": metavalue detected, returning FALSE
at 0 ps, Instance /sift_cw/sift_x0/minima_704bc545e6/subsystem1_632ff6b114/relational1/ : Warning: NUMERIC_STD."<": metavalue detected, returning FALSE
at 0 ps, Instance /sift_cw/sift_x0/minima_704bc545e6/subsystem1_632ff6b114/relational2/ : Warning: NUMERIC_STD."<": metavalue detected, returning FALSE
at 0 ps, Instance /sift_cw/sift_x0/minima_704bc545e6/subsystem1_632ff6b114/relational3/ : Warning: NUMERIC_STD."<": metavalue detected, returning FALSE
at 0 ps, Instance /sift_cw/sift_x0/minima_704bc545e6/subsystem1_632ff6b114/relational4/ : Warning: NUMERIC_STD."<": metavalue detected, returning FALSE
at 0 ps, Instance /sift_cw/sift_x0/minima_704bc545e6/subsystem1_632ff6b114/relational5/ : Warning: NUMERIC_STD."<": metavalue detected, returning FALSE
at 0 ps, Instance /sift_cw/sift_x0/minima_704bc545e6/subsystem1_632ff6b114/relational6/ : Warning: NUMERIC_STD."<": metavalue detected, returning FALSE
at 0 ps, Instance /sift_cw/sift_x0/minima_704bc545e6/subsystem1_632ff6b114/relational7/ : Warning: NUMERIC_STD."<": metavalue detected, returning FALSE
at 0 ps, Instance /sift_cw/sift_x0/minima_704bc545e6/subsystem2_2a6c0a7987/relational/ : Warning: NUMERIC_STD."<": metavalue detected, returning FALSE
at 0 ps, Instance /sift_cw/sift_x0/minima_704bc545e6/subsystem2_2a6c0a7987/relational2/ : Warning: NUMERIC_STD."<": metavalue detected, returning FALSE
at 0 ps, Instance /sift_cw/sift_x0/minima_704bc545e6/subsystem2_2a6c0a7987/relational3/ : Warning: NUMERIC_STD."<": metavalue detected, returning FALSE
at 0 ps, Instance /sift_cw/sift_x0/minima_704bc545e6/subsystem2_2a6c0a7987/relational4/ : Warning: NUMERIC_STD."<": metavalue detected, returning FALSE
at 0 ps, Instance /sift_cw/sift_x0/minima_704bc545e6/subsystem2_2a6c0a7987/relational5/ : Warning: NUMERIC_STD."<": metavalue detected, returning FALSE
at 0 ps, Instance /sift_cw/sift_x0/minima_704bc545e6/subsystem2_2a6c0a7987/relational6/ : Warning: NUMERIC_STD."<": metavalue detected, returning FALSE
at 0 ps, Instance /sift_cw/sift_x0/minima_704bc545e6/subsystem2_2a6c0a7987/relational7/ : Warning: NUMERIC_STD."<": metavalue detected, returning FALSE
at 0 ps, Instance /sift_cw/sift_x0/minima_704bc545e6/subsystem2_2a6c0a7987/relational8/ : Warning: NUMERIC_STD."<": metavalue detected, returning FALSE
at 0 ps, Instance /sift_cw/sift_x0/minima_704bc545e6/subsystem2_2a6c0a7987/relational9/ : Warning: NUMERIC_STD."<": metavalue detected, returning FALSE
at 0 ps, Instance /sift_cw/sift_x0/minima_704bc545e6/subsystem_1998dcc4bb/relational/ : Warning: NUMERIC_STD."<": metavalue detected, returning FALSE
at 0 ps, Instance /sift_cw/sift_x0/minima_704bc545e6/subsystem_1998dcc4bb/relational1/ : Warning: NUMERIC_STD."<": metavalue detected, returning FALSE
at 0 ps, Instance /sift_cw/sift_x0/minima_704bc545e6/subsystem_1998dcc4bb/relational2/ : Warning: NUMERIC_STD."<": metavalue detected, returning FALSE
at 0 ps, Instance /sift_cw/sift_x0/minima_704bc545e6/subsystem_1998dcc4bb/relational3/ : Warning: NUMERIC_STD."<": metavalue detected, returning FALSE
at 0 ps, Instance /sift_cw/sift_x0/minima_704bc545e6/subsystem_1998dcc4bb/relational4/ : Warning: NUMERIC_STD."<": metavalue detected, returning FALSE
at 0 ps, Instance /sift_cw/sift_x0/minima_704bc545e6/subsystem_1998dcc4bb/relational5/ : Warning: NUMERIC_STD."<": metavalue detected, returning FALSE
at 0 ps, Instance /sift_cw/sift_x0/minima_704bc545e6/subsystem_1998dcc4bb/relational6/ : Warning: NUMERIC_STD."<": metavalue detected, returning FALSE
at 0 ps, Instance /sift_cw/sift_x0/minima_704bc545e6/subsystem_1998dcc4bb/relational7/ : Warning: NUMERIC_STD."<": metavalue detected, returning FALSE
at 0 ps, Instance /sift_cw/sift_x0/maxima1_905a1e75b5/subsystem1_d7c3e0e1a7/relational3/ : Warning: NUMERIC_STD.">": metavalue detected, returning FALSE
at 0 ps, Instance /sift_cw/sift_x0/maxima1_905a1e75b5/subsystem1_d7c3e0e1a7/relational6/ : Warning: NUMERIC_STD.">": metavalue detected, returning FALSE
at 0 ps, Instance /sift_cw/sift_x0/maxima1_905a1e75b5/subsystem2_9d437adc7b/relational4/ : Warning: NUMERIC_STD.">": metavalue detected, returning FALSE
at 0 ps, Instance /sift_cw/sift_x0/maxima1_905a1e75b5/subsystem2_9d437adc7b/relational7/ : Warning: NUMERIC_STD.">": metavalue detected, returning FALSE
at 0 ps, Instance /sift_cw/sift_x0/maxima1_905a1e75b5/subsystem_d161dbf7fc/relational2/ : Warning: NUMERIC_STD.">": metavalue detected, returning FALSE
at 0 ps, Instance /sift_cw/sift_x0/maxima1_905a1e75b5/subsystem_d161dbf7fc/relational5/ : Warning: NUMERIC_STD.">": metavalue detected, returning FALSE
at 0 ps, Instance /sift_cw/sift_x0/maxima_f36dca9fb9/subsystem1_d7c3e0e1a7/relational3/ : Warning: NUMERIC_STD.">": metavalue detected, returning FALSE
at 0 ps, Instance /sift_cw/sift_x0/maxima_f36dca9fb9/subsystem1_d7c3e0e1a7/relational6/ : Warning: NUMERIC_STD.">": metavalue detected, returning FALSE
at 0 ps, Instance /sift_cw/sift_x0/maxima_f36dca9fb9/subsystem2_9d437adc7b/relational4/ : Warning: NUMERIC_STD.">": metavalue detected, returning FALSE
at 0 ps, Instance /sift_cw/sift_x0/maxima_f36dca9fb9/subsystem2_9d437adc7b/relational7/ : Warning: NUMERIC_STD.">": metavalue detected, returning FALSE
at 0 ps, Instance /sift_cw/sift_x0/maxima_f36dca9fb9/subsystem_d161dbf7fc/relational2/ : Warning: NUMERIC_STD.">": metavalue detected, returning FALSE
at 0 ps, Instance /sift_cw/sift_x0/maxima_f36dca9fb9/subsystem_d161dbf7fc/relational5/ : Warning: NUMERIC_STD.">": metavalue detected, returning FALSE
at 0 ps, Instance /sift_cw/sift_x0/minima1_14bf128444/subsystem1_632ff6b114/relational3/ : Warning: NUMERIC_STD."<": metavalue detected, returning FALSE
at 0 ps, Instance /sift_cw/sift_x0/minima1_14bf128444/subsystem1_632ff6b114/relational6/ : Warning: NUMERIC_STD."<": metavalue detected, returning FALSE
at 0 ps, Instance /sift_cw/sift_x0/minima1_14bf128444/subsystem2_2a6c0a7987/relational4/ : Warning: NUMERIC_STD."<": metavalue detected, returning FALSE
at 0 ps, Instance /sift_cw/sift_x0/minima1_14bf128444/subsystem2_2a6c0a7987/relational7/ : Warning: NUMERIC_STD."<": metavalue detected, returning FALSE
at 0 ps, Instance /sift_cw/sift_x0/minima1_14bf128444/subsystem_1998dcc4bb/relational2/ : Warning: NUMERIC_STD."<": metavalue detected, returning FALSE
at 0 ps, Instance /sift_cw/sift_x0/minima1_14bf128444/subsystem_1998dcc4bb/relational5/ : Warning: NUMERIC_STD."<": metavalue detected, returning FALSE
at 0 ps, Instance /sift_cw/sift_x0/minima_704bc545e6/subsystem1_632ff6b114/relational3/ : Warning: NUMERIC_STD."<": metavalue detected, returning FALSE
at 0 ps, Instance /sift_cw/sift_x0/minima_704bc545e6/subsystem1_632ff6b114/relational6/ : Warning: NUMERIC_STD."<": metavalue detected, returning FALSE
at 0 ps, Instance /sift_cw/sift_x0/minima_704bc545e6/subsystem2_2a6c0a7987/relational4/ : Warning: NUMERIC_STD."<": metavalue detected, returning FALSE
at 0 ps, Instance /sift_cw/sift_x0/minima_704bc545e6/subsystem2_2a6c0a7987/relational7/ : Warning: NUMERIC_STD."<": metavalue detected, returning FALSE
at 0 ps, Instance /sift_cw/sift_x0/minima_704bc545e6/subsystem_1998dcc4bb/relational2/ : Warning: NUMERIC_STD."<": metavalue detected, returning FALSE
at 0 ps, Instance /sift_cw/sift_x0/minima_704bc545e6/subsystem_1998dcc4bb/relational5/ : Warning: NUMERIC_STD."<": metavalue detected, returning FALSE
